2024-05-07T09:39:20.744+0700 [DEBUG] [org.gradle.launcher.daemon.bootstrap.DaemonMain] Assuming the daemon was started with following jvm opts: [--add-opens, java.base/java.util=ALL-UNNAMED, --add-opens, java.base/java.lang=ALL-UNNAMED, --add-opens, java.base/java.lang.invoke=ALL-UNNAMED, --add-opens, java.base/java.util=ALL-UNNAMED, --add-opens, java.prefs/java.util.prefs=ALL-UNNAMED, --add-opens, java.prefs/java.util.prefs=ALL-UNNAMED, --add-opens, java.base/java.nio.charset=ALL-UNNAMED, --add-opens, java.base/java.net=ALL-UNNAMED, --add-opens, java.base/java.util.concurrent.atomic=ALL-UNNAMED, -Xmx2048m, -Dfile.encoding=UTF-8, -Duser.country=RU, -Duser.language=ru, -Duser.variant]
2024-05-07T09:39:20.867+0700 [DEBUG] [org.gradle.internal.nativeintegration.services.NativeServices] Native-platform posix files integration is not available. Continuing with fallback.
2024-05-07T09:39:20.875+0700 [INFO] [org.gradle.launcher.daemon.server.Daemon] start() called on daemon - DefaultDaemonContext[uid=79fc34dc-8b05-4cf3-99e4-e2d74cde7d8d,javaHome=D:\Program Files\Android Studio\jbr,daemonRegistryDir=D:\hitsMobile\daemon,pid=22348,idleTimeout=10800000,priority=NORMAL,daemonOpts=--add-opens,java.base/java.util=ALL-UNNAMED,--add-opens,java.base/java.lang=ALL-UNNAMED,--add-opens,java.base/java.lang.invoke=ALL-UNNAMED,--add-opens,java.base/java.util=ALL-UNNAMED,--add-opens,java.prefs/java.util.prefs=ALL-UNNAMED,--add-opens,java.prefs/java.util.prefs=ALL-UNNAMED,--add-opens,java.base/java.nio.charset=ALL-UNNAMED,--add-opens,java.base/java.net=ALL-UNNAMED,--add-opens,java.base/java.util.concurrent.atomic=ALL-UNNAMED,-Xmx2048m,-Dfile.encoding=UTF-8,-Duser.country=RU,-Duser.language=ru,-Duser.variant]
2024-05-07T09:39:20.963+0700 [DEBUG] [org.gradle.internal.remote.internal.inet.InetAddresses] Adding IP addresses for network interface Software Loopback Interface 1
2024-05-07T09:39:20.964+0700 [DEBUG] [org.gradle.internal.remote.internal.inet.InetAddresses] Is this a loopback interface? true
2024-05-07T09:39:20.965+0700 [DEBUG] [org.gradle.internal.remote.internal.inet.InetAddresses] Adding loopback address /127.0.0.1
2024-05-07T09:39:20.965+0700 [DEBUG] [org.gradle.internal.remote.internal.inet.InetAddresses] Adding loopback address /0:0:0:0:0:0:0:1
2024-05-07T09:39:20.965+0700 [DEBUG] [org.gradle.internal.remote.internal.inet.InetAddresses] Adding IP addresses for network interface WAN Miniport (IKEv2)
2024-05-07T09:39:20.967+0700 [DEBUG] [org.gradle.internal.remote.internal.inet.InetAddresses] Is this a loopback interface? false
2024-05-07T09:39:20.967+0700 [DEBUG] [org.gradle.internal.remote.internal.inet.InetAddresses] Adding IP addresses for network interface Microsoft 6to4 Adapter
2024-05-07T09:39:20.968+0700 [DEBUG] [org.gradle.internal.remote.internal.inet.InetAddresses] Is this a loopback interface? false
2024-05-07T09:39:20.968+0700 [DEBUG] [org.gradle.internal.remote.internal.inet.InetAddresses] Adding IP addresses for network interface WAN Miniport (SSTP)
2024-05-07T09:39:20.970+0700 [DEBUG] [org.gradle.internal.remote.internal.inet.InetAddresses] Is this a loopback interface? false
2024-05-07T09:39:20.970+0700 [DEBUG] [org.gradle.internal.remote.internal.inet.InetAddresses] Adding IP addresses for network interface Microsoft Wi-Fi Direct Virtual Adapter #2
2024-05-07T09:39:20.971+0700 [DEBUG] [org.gradle.internal.remote.internal.inet.InetAddresses] Is this a loopback interface? false
2024-05-07T09:39:20.971+0700 [DEBUG] [org.gradle.internal.remote.internal.inet.InetAddresses] Adding remote address /fe80:0:0:0:9a85:1eb8:45b5:8dca%wlan0
2024-05-07T09:39:20.972+0700 [DEBUG] [org.gradle.internal.remote.internal.inet.InetAddresses] Adding IP addresses for network interface Microsoft IP-HTTPS Platform Adapter
2024-05-07T09:39:20.973+0700 [DEBUG] [org.gradle.internal.remote.internal.inet.InetAddresses] Is this a loopback interface? false
2024-05-07T09:39:20.973+0700 [DEBUG] [org.gradle.internal.remote.internal.inet.InetAddresses] Adding IP addresses for network interface ASIX AX88772B USB2.0 to Fast Ethernet Adapter
2024-05-07T09:39:20.974+0700 [DEBUG] [org.gradle.internal.remote.internal.inet.InetAddresses] Is this a loopback interface? false
2024-05-07T09:39:20.974+0700 [DEBUG] [org.gradle.internal.remote.internal.inet.InetAddresses] Adding IP addresses for network interface WAN Miniport (Network Monitor)
2024-05-07T09:39:20.976+0700 [DEBUG] [org.gradle.internal.remote.internal.inet.InetAddresses] Is this a loopback interface? false
2024-05-07T09:39:20.976+0700 [DEBUG] [org.gradle.internal.remote.internal.inet.InetAddresses] Adding IP addresses for network interface Microsoft Kernel Debug Network Adapter
2024-05-07T09:39:20.977+0700 [DEBUG] [org.gradle.internal.remote.internal.inet.InetAddresses] Is this a loopback interface? false
2024-05-07T09:39:20.977+0700 [DEBUG] [org.gradle.internal.remote.internal.inet.InetAddresses] Adding IP addresses for network interface Microsoft Wi-Fi Direct Virtual Adapter
2024-05-07T09:39:20.978+0700 [DEBUG] [org.gradle.internal.remote.internal.inet.InetAddresses] Is this a loopback interface? false
2024-05-07T09:39:20.978+0700 [DEBUG] [org.gradle.internal.remote.internal.inet.InetAddresses] Adding remote address /fe80:0:0:0:9c1c:184b:70fc:70c%wlan1
2024-05-07T09:39:20.978+0700 [DEBUG] [org.gradle.internal.remote.internal.inet.InetAddresses] Adding IP addresses for network interface Microsoft Teredo Tunneling Adapter
2024-05-07T09:39:20.980+0700 [DEBUG] [org.gradle.internal.remote.internal.inet.InetAddresses] Is this a loopback interface? false
2024-05-07T09:39:20.980+0700 [DEBUG] [org.gradle.internal.remote.internal.inet.InetAddresses] Adding IP addresses for network interface WireGuard Tunnel #2
2024-05-07T09:39:20.981+0700 [DEBUG] [org.gradle.internal.remote.internal.inet.InetAddresses] Is this a loopback interface? false
2024-05-07T09:39:20.982+0700 [DEBUG] [org.gradle.internal.remote.internal.inet.InetAddresses] Adding IP addresses for network interface Bluetooth Device (Personal Area Network)
2024-05-07T09:39:20.983+0700 [DEBUG] [org.gradle.internal.remote.internal.inet.InetAddresses] Is this a loopback interface? false
2024-05-07T09:39:20.983+0700 [DEBUG] [org.gradle.internal.remote.internal.inet.InetAddresses] Adding remote address /fe80:0:0:0:3e32:fa78:c5cb:8129%eth3
2024-05-07T09:39:20.983+0700 [DEBUG] [org.gradle.internal.remote.internal.inet.InetAddresses] Adding IP addresses for network interface WAN Miniport (PPTP)
2024-05-07T09:39:20.985+0700 [DEBUG] [org.gradle.internal.remote.internal.inet.InetAddresses] Is this a loopback interface? false
2024-05-07T09:39:20.985+0700 [DEBUG] [org.gradle.internal.remote.internal.inet.InetAddresses] Adding IP addresses for network interface Intel(R) Wi-Fi 6 AX201 160MHz
2024-05-07T09:39:20.987+0700 [DEBUG] [org.gradle.internal.remote.internal.inet.InetAddresses] Is this a loopback interface? false
2024-05-07T09:39:20.987+0700 [DEBUG] [org.gradle.internal.remote.internal.inet.InetAddresses] Adding remote address /10.10.114.236
2024-05-07T09:39:20.987+0700 [DEBUG] [org.gradle.internal.remote.internal.inet.InetAddresses] Adding remote address /fe80:0:0:0:d06:720:2253:199b%wlan2
2024-05-07T09:39:20.987+0700 [DEBUG] [org.gradle.internal.remote.internal.inet.InetAddresses] Adding IP addresses for network interface WAN Miniport (L2TP)
2024-05-07T09:39:20.989+0700 [DEBUG] [org.gradle.internal.remote.internal.inet.InetAddresses] Is this a loopback interface? false
2024-05-07T09:39:20.989+0700 [DEBUG] [org.gradle.internal.remote.internal.inet.InetAddresses] Adding IP addresses for network interface WAN Miniport (IP)
2024-05-07T09:39:20.992+0700 [DEBUG] [org.gradle.internal.remote.internal.inet.InetAddresses] Is this a loopback interface? false
2024-05-07T09:39:20.992+0700 [DEBUG] [org.gradle.internal.remote.internal.inet.InetAddresses] Adding IP addresses for network interface TAP-Windows Adapter V9
2024-05-07T09:39:20.993+0700 [DEBUG] [org.gradle.internal.remote.internal.inet.InetAddresses] Is this a loopback interface? false
2024-05-07T09:39:20.993+0700 [DEBUG] [org.gradle.internal.remote.internal.inet.InetAddresses] Adding remote address /fe80:0:0:0:32d0:87ca:9c21:3d99%eth5
2024-05-07T09:39:20.994+0700 [DEBUG] [org.gradle.internal.remote.internal.inet.InetAddresses] Adding IP addresses for network interface WAN Miniport (IPv6)
2024-05-07T09:39:20.995+0700 [DEBUG] [org.gradle.internal.remote.internal.inet.InetAddresses] Is this a loopback interface? false
2024-05-07T09:39:20.995+0700 [DEBUG] [org.gradle.internal.remote.internal.inet.InetAddresses] Adding IP addresses for network interface WAN Miniport (PPPOE)
2024-05-07T09:39:20.996+0700 [DEBUG] [org.gradle.internal.remote.internal.inet.InetAddresses] Is this a loopback interface? false
2024-05-07T09:39:20.997+0700 [DEBUG] [org.gradle.internal.remote.internal.inet.InetAddresses] Adding IP addresses for network interface TAP-Windows Adapter V9-WFP Native MAC Layer LightWeight Filter-0000
2024-05-07T09:39:20.998+0700 [DEBUG] [org.gradle.internal.remote.internal.inet.InetAddresses] Is this a loopback interface? false
2024-05-07T09:39:20.998+0700 [DEBUG] [org.gradle.internal.remote.internal.inet.InetAddresses] Adding IP addresses for network interface TAP-Windows Adapter V9-Kaspersky Lab NDIS 6 Filter-0000
2024-05-07T09:39:20.999+0700 [DEBUG] [org.gradle.internal.remote.internal.inet.InetAddresses] Is this a loopback interface? false
2024-05-07T09:39:20.999+0700 [DEBUG] [org.gradle.internal.remote.internal.inet.InetAddresses] Adding IP addresses for network interface TAP-Windows Adapter V9-QoS Packet Scheduler-0000
2024-05-07T09:39:21.001+0700 [DEBUG] [org.gradle.internal.remote.internal.inet.InetAddresses] Is this a loopback interface? false
2024-05-07T09:39:21.001+0700 [DEBUG] [org.gradle.internal.remote.internal.inet.InetAddresses] Adding IP addresses for network interface TAP-Windows Adapter V9-WFP 802.3 MAC Layer LightWeight Filter-0000
2024-05-07T09:39:21.002+0700 [DEBUG] [org.gradle.internal.remote.internal.inet.InetAddresses] Is this a loopback interface? false
2024-05-07T09:39:21.002+0700 [DEBUG] [org.gradle.internal.remote.internal.inet.InetAddresses] Adding IP addresses for network interface Bluetooth Device (Personal Area Network)-Kaspersky Lab NDIS 6 Filter-0000
2024-05-07T09:39:21.003+0700 [DEBUG] [org.gradle.internal.remote.internal.inet.InetAddresses] Is this a loopback interface? false
2024-05-07T09:39:21.003+0700 [DEBUG] [org.gradle.internal.remote.internal.inet.InetAddresses] Adding IP addresses for network interface Intel(R) Wi-Fi 6 AX201 160MHz-WFP Native MAC Layer LightWeight Filter-0000
2024-05-07T09:39:21.005+0700 [DEBUG] [org.gradle.internal.remote.internal.inet.InetAddresses] Is this a loopback interface? false
2024-05-07T09:39:21.005+0700 [DEBUG] [org.gradle.internal.remote.internal.inet.InetAddresses] Adding IP addresses for network interface Intel(R) Wi-Fi 6 AX201 160MHz-Virtual WiFi Filter Driver-0000
2024-05-07T09:39:21.006+0700 [DEBUG] [org.gradle.internal.remote.internal.inet.InetAddresses] Is this a loopback interface? false
2024-05-07T09:39:21.006+0700 [DEBUG] [org.gradle.internal.remote.internal.inet.InetAddresses] Adding IP addresses for network interface Intel(R) Wi-Fi 6 AX201 160MHz-Native WiFi Filter Driver-0000
2024-05-07T09:39:21.007+0700 [DEBUG] [org.gradle.internal.remote.internal.inet.InetAddresses] Is this a loopback interface? false
2024-05-07T09:39:21.007+0700 [DEBUG] [org.gradle.internal.remote.internal.inet.InetAddresses] Adding IP addresses for network interface Intel(R) Wi-Fi 6 AX201 160MHz-Kaspersky Lab NDIS 6 Filter-0000
2024-05-07T09:39:21.008+0700 [DEBUG] [org.gradle.internal.remote.internal.inet.InetAddresses] Is this a loopback interface? false
2024-05-07T09:39:21.008+0700 [DEBUG] [org.gradle.internal.remote.internal.inet.InetAddresses] Adding IP addresses for network interface Intel(R) Wi-Fi 6 AX201 160MHz-QoS Packet Scheduler-0000
2024-05-07T09:39:21.010+0700 [DEBUG] [org.gradle.internal.remote.internal.inet.InetAddresses] Is this a loopback interface? false
2024-05-07T09:39:21.010+0700 [DEBUG] [org.gradle.internal.remote.internal.inet.InetAddresses] Adding IP addresses for network interface Intel(R) Wi-Fi 6 AX201 160MHz-WFP 802.3 MAC Layer LightWeight Filter-0000
2024-05-07T09:39:21.011+0700 [DEBUG] [org.gradle.internal.remote.internal.inet.InetAddresses] Is this a loopback interface? false
2024-05-07T09:39:21.011+0700 [DEBUG] [org.gradle.internal.remote.internal.inet.InetAddresses] Adding IP addresses for network interface Microsoft Wi-Fi Direct Virtual Adapter-Kaspersky Lab NDIS 6 Filter-0000
2024-05-07T09:39:21.012+0700 [DEBUG] [org.gradle.internal.remote.internal.inet.InetAddresses] Is this a loopback interface? false
2024-05-07T09:39:21.012+0700 [DEBUG] [org.gradle.internal.remote.internal.inet.InetAddresses] Adding IP addresses for network interface Microsoft Wi-Fi Direct Virtual Adapter-WFP Native MAC Layer LightWeight Filter-0000
2024-05-07T09:39:21.014+0700 [DEBUG] [org.gradle.internal.remote.internal.inet.InetAddresses] Is this a loopback interface? false
2024-05-07T09:39:21.014+0700 [DEBUG] [org.gradle.internal.remote.internal.inet.InetAddresses] Adding IP addresses for network interface Microsoft Wi-Fi Direct Virtual Adapter-Native WiFi Filter Driver-0000
2024-05-07T09:39:21.015+0700 [DEBUG] [org.gradle.internal.remote.internal.inet.InetAddresses] Is this a loopback interface? false
2024-05-07T09:39:21.015+0700 [DEBUG] [org.gradle.internal.remote.internal.inet.InetAddresses] Adding IP addresses for network interface Microsoft Wi-Fi Direct Virtual Adapter-QoS Packet Scheduler-0000
2024-05-07T09:39:21.016+0700 [DEBUG] [org.gradle.internal.remote.internal.inet.InetAddresses] Is this a loopback interface? false
2024-05-07T09:39:21.016+0700 [DEBUG] [org.gradle.internal.remote.internal.inet.InetAddresses] Adding IP addresses for network interface Microsoft Wi-Fi Direct Virtual Adapter-WFP 802.3 MAC Layer LightWeight Filter-0000
2024-05-07T09:39:21.018+0700 [DEBUG] [org.gradle.internal.remote.internal.inet.InetAddresses] Is this a loopback interface? false
2024-05-07T09:39:21.018+0700 [DEBUG] [org.gradle.internal.remote.internal.inet.InetAddresses] Adding IP addresses for network interface Microsoft Wi-Fi Direct Virtual Adapter #2-WFP Native MAC Layer LightWeight Filter-0000
2024-05-07T09:39:21.019+0700 [DEBUG] [org.gradle.internal.remote.internal.inet.InetAddresses] Is this a loopback interface? false
2024-05-07T09:39:21.019+0700 [DEBUG] [org.gradle.internal.remote.internal.inet.InetAddresses] Adding IP addresses for network interface Microsoft Wi-Fi Direct Virtual Adapter #2-Native WiFi Filter Driver-0000
2024-05-07T09:39:21.020+0700 [DEBUG] [org.gradle.internal.remote.internal.inet.InetAddresses] Is this a loopback interface? false
2024-05-07T09:39:21.020+0700 [DEBUG] [org.gradle.internal.remote.internal.inet.InetAddresses] Adding IP addresses for network interface Microsoft Wi-Fi Direct Virtual Adapter #2-Kaspersky Lab NDIS 6 Filter-0000
2024-05-07T09:39:21.021+0700 [DEBUG] [org.gradle.internal.remote.internal.inet.InetAddresses] Is this a loopback interface? false
2024-05-07T09:39:21.021+0700 [DEBUG] [org.gradle.internal.remote.internal.inet.InetAddresses] Adding IP addresses for network interface Microsoft Wi-Fi Direct Virtual Adapter #2-QoS Packet Scheduler-0000
2024-05-07T09:39:21.022+0700 [DEBUG] [org.gradle.internal.remote.internal.inet.InetAddresses] Is this a loopback interface? false
2024-05-07T09:39:21.023+0700 [DEBUG] [org.gradle.internal.remote.internal.inet.InetAddresses] Adding IP addresses for network interface Microsoft Wi-Fi Direct Virtual Adapter #2-WFP 802.3 MAC Layer LightWeight Filter-0000
2024-05-07T09:39:21.024+0700 [DEBUG] [org.gradle.internal.remote.internal.inet.InetAddresses] Is this a loopback interface? false
2024-05-07T09:39:21.024+0700 [DEBUG] [org.gradle.internal.remote.internal.inet.InetAddresses] Adding IP addresses for network interface WAN Miniport (IP)-WFP Native MAC Layer LightWeight Filter-0000
2024-05-07T09:39:21.025+0700 [DEBUG] [org.gradle.internal.remote.internal.inet.InetAddresses] Is this a loopback interface? false
2024-05-07T09:39:21.025+0700 [DEBUG] [org.gradle.internal.remote.internal.inet.InetAddresses] Adding IP addresses for network interface WAN Miniport (IP)-Kaspersky Lab NDIS 6 Filter-0000
2024-05-07T09:39:21.026+0700 [DEBUG] [org.gradle.internal.remote.internal.inet.InetAddresses] Is this a loopback interface? false
2024-05-07T09:39:21.026+0700 [DEBUG] [org.gradle.internal.remote.internal.inet.InetAddresses] Adding IP addresses for network interface WAN Miniport (IP)-QoS Packet Scheduler-0000
2024-05-07T09:39:21.028+0700 [DEBUG] [org.gradle.internal.remote.internal.inet.InetAddresses] Is this a loopback interface? false
2024-05-07T09:39:21.028+0700 [DEBUG] [org.gradle.internal.remote.internal.inet.InetAddresses] Adding IP addresses for network interface WAN Miniport (IPv6)-WFP Native MAC Layer LightWeight Filter-0000
2024-05-07T09:39:21.029+0700 [DEBUG] [org.gradle.internal.remote.internal.inet.InetAddresses] Is this a loopback interface? false
2024-05-07T09:39:21.029+0700 [DEBUG] [org.gradle.internal.remote.internal.inet.InetAddresses] Adding IP addresses for network interface WAN Miniport (IPv6)-Kaspersky Lab NDIS 6 Filter-0000
2024-05-07T09:39:21.031+0700 [DEBUG] [org.gradle.internal.remote.internal.inet.InetAddresses] Is this a loopback interface? false
2024-05-07T09:39:21.031+0700 [DEBUG] [org.gradle.internal.remote.internal.inet.InetAddresses] Adding IP addresses for network interface WAN Miniport (IPv6)-QoS Packet Scheduler-0000
2024-05-07T09:39:21.032+0700 [DEBUG] [org.gradle.internal.remote.internal.inet.InetAddresses] Is this a loopback interface? false
2024-05-07T09:39:21.032+0700 [DEBUG] [org.gradle.internal.remote.internal.inet.InetAddresses] Adding IP addresses for network interface WAN Miniport (Network Monitor)-WFP Native MAC Layer LightWeight Filter-0000
2024-05-07T09:39:21.034+0700 [DEBUG] [org.gradle.internal.remote.internal.inet.InetAddresses] Is this a loopback interface? false
2024-05-07T09:39:21.034+0700 [DEBUG] [org.gradle.internal.remote.internal.inet.InetAddresses] Adding IP addresses for network interface WAN Miniport (Network Monitor)-Kaspersky Lab NDIS 6 Filter-0000
2024-05-07T09:39:21.036+0700 [DEBUG] [org.gradle.internal.remote.internal.inet.InetAddresses] Is this a loopback interface? false
2024-05-07T09:39:21.036+0700 [DEBUG] [org.gradle.internal.remote.internal.inet.InetAddresses] Adding IP addresses for network interface WAN Miniport (Network Monitor)-QoS Packet Scheduler-0000
2024-05-07T09:39:21.037+0700 [DEBUG] [org.gradle.internal.remote.internal.inet.InetAddresses] Is this a loopback interface? false
2024-05-07T09:39:21.041+0700 [DEBUG] [org.gradle.internal.remote.internal.inet.TcpIncomingConnector] Listening on [da3ee370-56ee-47cc-96f5-f5a8035ab0b3 port:56764, addresses:[localhost/127.0.0.1]].
2024-05-07T09:39:21.064+0700 [DEBUG] [org.gradle.launcher.daemon.server.Daemon] Daemon starting at: Tue May 07 09:39:21 GMT+07:00 2024, with address: [da3ee370-56ee-47cc-96f5-f5a8035ab0b3 port:56764, addresses:[localhost/127.0.0.1]]
2024-05-07T09:39:21.064+0700 [INFO] [org.gradle.launcher.daemon.server.DaemonRegistryUpdater] Advertising the daemon address to the clients: [da3ee370-56ee-47cc-96f5-f5a8035ab0b3 port:56764, addresses:[localhost/127.0.0.1]]
2024-05-07T09:39:21.064+0700 [DEBUG] [org.gradle.launcher.daemon.server.DaemonRegistryUpdater] Advertised daemon context: DefaultDaemonContext[uid=79fc34dc-8b05-4cf3-99e4-e2d74cde7d8d,javaHome=D:\Program Files\Android Studio\jbr,daemonRegistryDir=D:\hitsMobile\daemon,pid=22348,idleTimeout=10800000,priority=NORMAL,daemonOpts=--add-opens,java.base/java.util=ALL-UNNAMED,--add-opens,java.base/java.lang=ALL-UNNAMED,--add-opens,java.base/java.lang.invoke=ALL-UNNAMED,--add-opens,java.base/java.util=ALL-UNNAMED,--add-opens,java.prefs/java.util.prefs=ALL-UNNAMED,--add-opens,java.prefs/java.util.prefs=ALL-UNNAMED,--add-opens,java.base/java.nio.charset=ALL-UNNAMED,--add-opens,java.base/java.net=ALL-UNNAMED,--add-opens,java.base/java.util.concurrent.atomic=ALL-UNNAMED,-Xmx2048m,-Dfile.encoding=UTF-8,-Duser.country=RU,-Duser.language=ru,-Duser.variant]
2024-05-07T09:39:21.065+0700 [DEBUG] [org.gradle.launcher.daemon.registry.PersistentDaemonRegistry] Storing daemon address: [da3ee370-56ee-47cc-96f5-f5a8035ab0b3 port:56764, addresses:[localhost/127.0.0.1]], context: DefaultDaemonContext[uid=79fc34dc-8b05-4cf3-99e4-e2d74cde7d8d,javaHome=D:\Program Files\Android Studio\jbr,daemonRegistryDir=D:\hitsMobile\daemon,pid=22348,idleTimeout=10800000,priority=NORMAL,daemonOpts=--add-opens,java.base/java.util=ALL-UNNAMED,--add-opens,java.base/java.lang=ALL-UNNAMED,--add-opens,java.base/java.lang.invoke=ALL-UNNAMED,--add-opens,java.base/java.util=ALL-UNNAMED,--add-opens,java.prefs/java.util.prefs=ALL-UNNAMED,--add-opens,java.prefs/java.util.prefs=ALL-UNNAMED,--add-opens,java.base/java.nio.charset=ALL-UNNAMED,--add-opens,java.base/java.net=ALL-UNNAMED,--add-opens,java.base/java.util.concurrent.atomic=ALL-UNNAMED,-Xmx2048m,-Dfile.encoding=UTF-8,-Duser.country=RU,-Duser.language=ru,-Duser.variant]
2024-05-07T09:39:21.074+0700 [DEBUG] [org.gradle.cache.internal.DefaultFileLockManager] Waiting to acquire exclusive lock on daemon addresses registry.
2024-05-07T09:39:21.078+0700 [DEBUG] [org.gradle.cache.internal.DefaultFileLockManager] Lock acquired on daemon addresses registry.
2024-05-07T09:39:21.082+0700 [DEBUG] [org.gradle.cache.internal.DefaultFileLockManager] Releasing lock on daemon addresses registry.
2024-05-07T09:39:21.082+0700 [LIFECYCLE] [org.gradle.launcher.daemon.server.Daemon] Daemon server started.
2024-05-07T09:39:21.083+0700 [DEBUG] [org.gradle.launcher.daemon.bootstrap.DaemonStartupCommunication] Completed writing the daemon greeting. Closing streams...
2024-05-07T09:39:21.086+0700 [DEBUG] [org.gradle.launcher.daemon.server.Daemon] stopOnExpiration() called on daemon
2024-05-07T09:39:21.088+0700 [DEBUG] [org.gradle.launcher.daemon.server.Daemon] awaitExpiration() called on daemon
2024-05-07T09:39:21.088+0700 [DEBUG] [org.gradle.launcher.daemon.server.DaemonStateCoordinator] daemon is running. Sleeping until state changes.
2024-05-07T09:39:21.107+0700 [DEBUG] [org.gradle.internal.remote.internal.inet.TcpIncomingConnector] Accepted connection from /127.0.0.1:56765 to /127.0.0.1:56764.
2024-05-07T09:39:21.166+0700 [DEBUG] [org.gradle.launcher.daemon.server.SynchronizedDispatchConnection] thread 22: received class org.gradle.launcher.daemon.protocol.Build
2024-05-07T09:39:21.167+0700 [DEBUG] [org.gradle.launcher.daemon.server.DefaultDaemonConnection] thread 22: Received non-IO message from client: Build{id=44bdef4d-987e-4b5d-9b1f-5e2ea9bc0e85, currentDir=D:\Compose-Drawing-App}
2024-05-07T09:39:21.167+0700 [INFO] [org.gradle.launcher.daemon.server.DefaultIncomingConnectionHandler] Received command: Build{id=44bdef4d-987e-4b5d-9b1f-5e2ea9bc0e85, currentDir=D:\Compose-Drawing-App}.
2024-05-07T09:39:21.167+0700 [DEBUG] [org.gradle.launcher.daemon.server.DefaultIncomingConnectionHandler] Starting executing command: Build{id=44bdef4d-987e-4b5d-9b1f-5e2ea9bc0e85, currentDir=D:\Compose-Drawing-App} with connection: socket connection from /127.0.0.1:56764 to /127.0.0.1:56765.
2024-05-07T09:39:21.169+0700 [DEBUG] [org.gradle.launcher.daemon.server.DaemonStateCoordinator] Command execution: started DaemonCommandExecution[command = Build{id=44bdef4d-987e-4b5d-9b1f-5e2ea9bc0e85, currentDir=D:\Compose-Drawing-App}, connection = DefaultDaemonConnection: socket connection from /127.0.0.1:56764 to /127.0.0.1:56765] after 0.0 minutes of idle
2024-05-07T09:39:21.169+0700 [INFO] [org.gradle.launcher.daemon.server.DaemonRegistryUpdater] Marking the daemon as busy, address: [da3ee370-56ee-47cc-96f5-f5a8035ab0b3 port:56764, addresses:[localhost/127.0.0.1]]
2024-05-07T09:39:21.169+0700 [DEBUG] [org.gradle.launcher.daemon.registry.PersistentDaemonRegistry] Marking busy by address: [da3ee370-56ee-47cc-96f5-f5a8035ab0b3 port:56764, addresses:[localhost/127.0.0.1]]
2024-05-07T09:39:21.169+0700 [DEBUG] [org.gradle.cache.internal.DefaultFileLockManager] Waiting to acquire exclusive lock on daemon addresses registry.
2024-05-07T09:39:21.169+0700 [DEBUG] [org.gradle.cache.internal.DefaultFileLockManager] Lock acquired on daemon addresses registry.
2024-05-07T09:39:21.170+0700 [DEBUG] [org.gradle.cache.internal.DefaultFileLockManager] Releasing lock on daemon addresses registry.
2024-05-07T09:39:21.170+0700 [DEBUG] [org.gradle.launcher.daemon.server.DaemonStateCoordinator] resetting idle timer
2024-05-07T09:39:21.170+0700 [DEBUG] [org.gradle.launcher.daemon.server.DaemonStateCoordinator] daemon is running. Sleeping until state changes.
2024-05-07T09:39:21.171+0700 [INFO] [org.gradle.launcher.daemon.server.exec.StartBuildOrRespondWithBusy] Daemon is about to start building Build{id=44bdef4d-987e-4b5d-9b1f-5e2ea9bc0e85, currentDir=D:\Compose-Drawing-App}. Dispatching build started information...
2024-05-07T09:39:21.171+0700 [DEBUG] [org.gradle.launcher.daemon.server.SynchronizedDispatchConnection] thread 24: dispatching org.gradle.launcher.daemon.protocol.BuildStarted@3a20a92f
2024-05-07T09:39:21.172+0700 [DEBUG] [org.gradle.launcher.daemon.server.exec.EstablishBuildEnvironment] Configuring env variables: [USERDOMAIN_ROAMINGPROFILE, PROCESSOR_LEVEL, OCL_ROOT, SESSIONNAME, ALLUSERSPROFILE, PROCESSOR_ARCHITECTURE, PSModulePath, SystemDrive, VTUNE_PROFILER_2024_DIR, USERNAME, ProgramFiles(x86), FPS_BROWSER_USER_PROFILE_STRING, PATHEXT, DriverData, ADVISOR_2024_DIR, ProgramData, GIT_LFS_PATH, ProgramW6432, HOMEPATH, PROCESSOR_IDENTIFIER, ProgramFiles, PUBLIC, windir, =::, ZES_ENABLE_SYSMAN, IGCCSVC_DB, LOCALAPPDATA, USERDOMAIN, LOGONSERVER, FPS_BROWSER_APP_PROFILE_STRING, OneDrive, APPDATA, CommonProgramFiles, Path, OS, COMPUTERNAME, PROCESSOR_REVISION, CommonProgramW6432, ComSpec, TEMP, SystemRoot, HOMEDRIVE, USERPROFILE, TMP, EFC_9840, CommonProgramFiles(x86), NUMBER_OF_PROCESSORS, IDEA_INITIAL_DIRECTORY]
2024-05-07T09:39:21.174+0700 [DEBUG] [org.gradle.launcher.daemon.server.SynchronizedDispatchConnection] thread 22: received class org.gradle.launcher.daemon.protocol.CloseInput
2024-05-07T09:39:21.174+0700 [DEBUG] [org.gradle.launcher.daemon.server.DefaultDaemonConnection] thread 22: Received IO message from client: org.gradle.launcher.daemon.protocol.CloseInput@314337fe
2024-05-07T09:39:21.175+0700 [DEBUG] [org.gradle.launcher.daemon.server.exec.LogToClient] About to start relaying all logs to the client via the connection.
2024-05-07T09:39:21.175+0700 [INFO] [org.gradle.launcher.daemon.server.exec.LogToClient] The client will now receive all logging from the daemon (pid: 22348). The daemon log file: D:\hitsMobile\daemon\7.2\daemon-22348.out.log
2024-05-07T09:39:21.177+0700 [INFO] [org.gradle.launcher.daemon.server.exec.LogAndCheckHealth] Starting build in new daemon [memory: 2 GiB]
2024-05-07T09:39:21.177+0700 [INFO] [org.gradle.launcher.daemon.server.exec.ForwardClientInput] Closing daemon's stdin at end of input.
2024-05-07T09:39:21.178+0700 [INFO] [org.gradle.launcher.daemon.server.exec.ForwardClientInput] The daemon will no longer process any standard input.
2024-05-07T09:39:21.179+0700 [DEBUG] [org.gradle.launcher.daemon.server.exec.ExecuteBuild] The daemon has started executing the build.
2024-05-07T09:39:21.180+0700 [DEBUG] [org.gradle.launcher.daemon.server.exec.ExecuteBuild] Executing build with daemon context: DefaultDaemonContext[uid=79fc34dc-8b05-4cf3-99e4-e2d74cde7d8d,javaHome=D:\Program Files\Android Studio\jbr,daemonRegistryDir=D:\hitsMobile\daemon,pid=22348,idleTimeout=10800000,priority=NORMAL,daemonOpts=--add-opens,java.base/java.util=ALL-UNNAMED,--add-opens,java.base/java.lang=ALL-UNNAMED,--add-opens,java.base/java.lang.invoke=ALL-UNNAMED,--add-opens,java.base/java.util=ALL-UNNAMED,--add-opens,java.prefs/java.util.prefs=ALL-UNNAMED,--add-opens,java.prefs/java.util.prefs=ALL-UNNAMED,--add-opens,java.base/java.nio.charset=ALL-UNNAMED,--add-opens,java.base/java.net=ALL-UNNAMED,--add-opens,java.base/java.util.concurrent.atomic=ALL-UNNAMED,-Xmx2048m,-Dfile.encoding=UTF-8,-Duser.country=RU,-Duser.language=ru,-Duser.variant]

BUILD SUCCESSFUL in 4m 16s
2024-05-07T09:43:16.356+0700 [DEBUG] [org.gradle.launcher.daemon.server.exec.ExecuteBuild] The daemon has finished executing the build.
2024-05-07T09:43:16.358+0700 [DEBUG] [org.gradle.launcher.daemon.server.DaemonStateCoordinator] daemon is running. Sleeping until state changes.
2024-05-07T09:43:16.358+0700 [DEBUG] [org.gradle.launcher.daemon.server.DaemonStateCoordinator] Command execution: finished waiting for DaemonCommandExecution[command = Build{id=44bdef4d-987e-4b5d-9b1f-5e2ea9bc0e85, currentDir=D:\Compose-Drawing-App}, connection = DefaultDaemonConnection: socket connection from /127.0.0.1:56764 to /127.0.0.1:56765]. Result org.gradle.launcher.daemon.server.DaemonStateCoordinator@6f61764d with state Busy
2024-05-07T09:43:16.358+0700 [DEBUG] [org.gradle.launcher.daemon.server.DaemonStateCoordinator] Command execution: completed DaemonCommandExecution[command = Build{id=44bdef4d-987e-4b5d-9b1f-5e2ea9bc0e85, currentDir=D:\Compose-Drawing-App}, connection = DefaultDaemonConnection: socket connection from /127.0.0.1:56764 to /127.0.0.1:56765]
2024-05-07T09:43:16.358+0700 [DEBUG] [org.gradle.launcher.daemon.server.DaemonStateCoordinator] resetting idle timer
2024-05-07T09:43:16.358+0700 [INFO] [org.gradle.launcher.daemon.server.DaemonRegistryUpdater] Marking the daemon as idle, address: [da3ee370-56ee-47cc-96f5-f5a8035ab0b3 port:56764, addresses:[localhost/127.0.0.1]]
2024-05-07T09:43:16.359+0700 [DEBUG] [org.gradle.launcher.daemon.registry.PersistentDaemonRegistry] Marking busy by address: [da3ee370-56ee-47cc-96f5-f5a8035ab0b3 port:56764, addresses:[localhost/127.0.0.1]]
2024-05-07T09:43:16.359+0700 [DEBUG] [org.gradle.cache.internal.DefaultFileLockManager] Waiting to acquire exclusive lock on daemon addresses registry.
2024-05-07T09:43:16.359+0700 [DEBUG] [org.gradle.cache.internal.DefaultFileLockManager] Lock acquired on daemon addresses registry.
2024-05-07T09:43:16.360+0700 [DEBUG] [org.gradle.cache.internal.DefaultFileLockManager] Releasing lock on daemon addresses registry.
2024-05-07T09:43:16.360+0700 [DEBUG] [org.gradle.launcher.daemon.server.DaemonStateCoordinator] daemon is running. Sleeping until state changes.
2024-05-07T09:43:16.360+0700 [DEBUG] [org.gradle.launcher.daemon.server.exec.ReturnResult] Daemon is dispatching the build result: Success[value=org.gradle.launcher.exec.BuildActionResult@6362a3a2]
2024-05-07T09:43:16.361+0700 [DEBUG] [org.gradle.launcher.daemon.server.SynchronizedDispatchConnection] thread 21: dispatching Success[value=org.gradle.launcher.exec.BuildActionResult@6362a3a2]
2024-05-07T09:43:16.361+0700 [DEBUG] [org.gradle.launcher.daemon.server.DefaultIncomingConnectionHandler] Finishing executing command: Build{id=44bdef4d-987e-4b5d-9b1f-5e2ea9bc0e85, currentDir=D:\Compose-Drawing-App}
2024-05-07T09:43:16.838+0700 [DEBUG] [org.gradle.launcher.daemon.server.SynchronizedDispatchConnection] thread 22: received class org.gradle.launcher.daemon.protocol.Finished
2024-05-07T09:43:16.838+0700 [DEBUG] [org.gradle.launcher.daemon.server.DefaultDaemonConnection] thread 22: Received non-IO message from client: org.gradle.launcher.daemon.protocol.Finished@5a7dda68
2024-05-07T09:43:16.838+0700 [DEBUG] [org.gradle.launcher.daemon.server.DefaultIncomingConnectionHandler] Received finished message: org.gradle.launcher.daemon.protocol.Finished@5a7dda68
2024-05-07T09:43:16.838+0700 [DEBUG] [org.gradle.launcher.daemon.server.SynchronizedDispatchConnection] thread 21: stopping connection
2024-05-07T09:43:16.840+0700 [DEBUG] [org.gradle.internal.remote.internal.inet.SocketConnection] Discarding EOFException: java.io.EOFException
2024-05-07T09:43:16.840+0700 [DEBUG] [org.gradle.launcher.daemon.server.SynchronizedDispatchConnection] thread 22: received null
2024-05-07T09:43:16.840+0700 [DEBUG] [org.gradle.launcher.daemon.server.DefaultDaemonConnection] thread 22: Received end-of-input from client.
2024-05-07T09:43:16.841+0700 [DEBUG] [org.gradle.launcher.daemon.server.SynchronizedDispatchConnection] thread 21: stopping connection
2024-05-07T09:43:18.227+0700 [DEBUG] [org.gradle.process.internal.health.memory.DefaultMemoryManager] 828426649 memory requested, 438136832 free
2024-05-07T09:43:18.228+0700 [DEBUG] [org.gradle.workers.internal.WorkerDaemonExpiration] Will attempt to release 790 of memory
2024-05-07T09:43:18.229+0700 [DEBUG] [org.gradle.process.internal.health.memory.DefaultMemoryManager] 828426649 memory requested, 0 released, 438136832 free
2024-05-07T09:43:21.098+0700 [DEBUG] [org.gradle.cache.internal.DefaultFileLockManager] Waiting to acquire shared lock on daemon addresses registry.
2024-05-07T09:43:21.098+0700 [DEBUG] [org.gradle.cache.internal.DefaultFileLockManager] Lock acquired on daemon addresses registry.
2024-05-07T09:43:21.098+0700 [DEBUG] [org.gradle.cache.internal.DefaultFileLockManager] Releasing lock on daemon addresses registry.
2024-05-07T09:43:21.099+0700 [DEBUG] [org.gradle.cache.internal.DefaultFileLockManager] Waiting to acquire shared lock on daemon addresses registry.
2024-05-07T09:43:21.099+0700 [DEBUG] [org.gradle.cache.internal.DefaultFileLockManager] Lock acquired on daemon addresses registry.
2024-05-07T09:43:21.099+0700 [DEBUG] [org.gradle.cache.internal.DefaultFileLockManager] Releasing lock on daemon addresses registry.
2024-05-07T09:43:23.232+0700 [DEBUG] [org.gradle.process.internal.health.memory.DefaultMemoryManager] 828426649 memory requested, 750157824 free
2024-05-07T09:43:23.232+0700 [DEBUG] [org.gradle.workers.internal.WorkerDaemonExpiration] Will attempt to release 790 of memory
2024-05-07T09:43:23.232+0700 [DEBUG] [org.gradle.process.internal.health.memory.DefaultMemoryManager] 828426649 memory requested, 0 released, 750157824 free
2024-05-07T09:43:28.222+0700 [DEBUG] [org.gradle.process.internal.health.memory.DefaultMemoryManager] 828426649 memory requested, 765677568 free
2024-05-07T09:43:28.223+0700 [DEBUG] [org.gradle.workers.internal.WorkerDaemonExpiration] Will attempt to release 790 of memory
2024-05-07T09:43:28.223+0700 [DEBUG] [org.gradle.process.internal.health.memory.DefaultMemoryManager] 828426649 memory requested, 0 released, 765677568 free
2024-05-07T09:43:31.092+0700 [DEBUG] [org.gradle.cache.internal.DefaultFileLockManager] Waiting to acquire shared lock on daemon addresses registry.
2024-05-07T09:43:31.092+0700 [DEBUG] [org.gradle.cache.internal.DefaultFileLockManager] Lock acquired on daemon addresses registry.
2024-05-07T09:43:31.092+0700 [DEBUG] [org.gradle.cache.internal.DefaultFileLockManager] Releasing lock on daemon addresses registry.
2024-05-07T09:43:31.094+0700 [DEBUG] [org.gradle.cache.internal.DefaultFileLockManager] Waiting to acquire shared lock on daemon addresses registry.
2024-05-07T09:43:31.094+0700 [DEBUG] [org.gradle.cache.internal.DefaultFileLockManager] Lock acquired on daemon addresses registry.
2024-05-07T09:43:31.094+0700 [DEBUG] [org.gradle.cache.internal.DefaultFileLockManager] Releasing lock on daemon addresses registry.
2024-05-07T09:43:31.098+0700 [DEBUG] [org.gradle.cache.internal.DefaultFileLockManager] Waiting to acquire shared lock on daemon addresses registry.
2024-05-07T09:43:31.098+0700 [DEBUG] [org.gradle.cache.internal.DefaultFileLockManager] Lock acquired on daemon addresses registry.
2024-05-07T09:43:31.098+0700 [DEBUG] [org.gradle.cache.internal.DefaultFileLockManager] Releasing lock on daemon addresses registry.
2024-05-07T09:43:37.635+0700 [DEBUG] [org.gradle.internal.remote.internal.inet.TcpIncomingConnector] Accepted connection from /127.0.0.1:57029 to /127.0.0.1:56764.
2024-05-07T09:43:37.660+0700 [DEBUG] [org.gradle.launcher.daemon.server.SynchronizedDispatchConnection] thread 190: received class org.gradle.launcher.daemon.protocol.Build
2024-05-07T09:43:37.661+0700 [DEBUG] [org.gradle.launcher.daemon.server.DefaultDaemonConnection] thread 190: Received non-IO message from client: Build{id=5a1380a3-724e-47a4-af4f-b61d3a325931, currentDir=D:\Compose-Drawing-App}
2024-05-07T09:43:37.661+0700 [INFO] [org.gradle.launcher.daemon.server.DefaultIncomingConnectionHandler] Received command: Build{id=5a1380a3-724e-47a4-af4f-b61d3a325931, currentDir=D:\Compose-Drawing-App}.
2024-05-07T09:43:37.661+0700 [DEBUG] [org.gradle.launcher.daemon.server.DefaultIncomingConnectionHandler] Starting executing command: Build{id=5a1380a3-724e-47a4-af4f-b61d3a325931, currentDir=D:\Compose-Drawing-App} with connection: socket connection from /127.0.0.1:56764 to /127.0.0.1:57029.
2024-05-07T09:43:37.663+0700 [DEBUG] [org.gradle.launcher.daemon.server.DaemonStateCoordinator] Command execution: started DaemonCommandExecution[command = Build{id=5a1380a3-724e-47a4-af4f-b61d3a325931, currentDir=D:\Compose-Drawing-App}, connection = DefaultDaemonConnection: socket connection from /127.0.0.1:56764 to /127.0.0.1:57029] after 0.0 minutes of idle
2024-05-07T09:43:37.663+0700 [INFO] [org.gradle.launcher.daemon.server.DaemonRegistryUpdater] Marking the daemon as busy, address: [da3ee370-56ee-47cc-96f5-f5a8035ab0b3 port:56764, addresses:[localhost/127.0.0.1]]
2024-05-07T09:43:37.664+0700 [DEBUG] [org.gradle.launcher.daemon.registry.PersistentDaemonRegistry] Marking busy by address: [da3ee370-56ee-47cc-96f5-f5a8035ab0b3 port:56764, addresses:[localhost/127.0.0.1]]
2024-05-07T09:43:37.664+0700 [DEBUG] [org.gradle.cache.internal.DefaultFileLockManager] Waiting to acquire exclusive lock on daemon addresses registry.
2024-05-07T09:43:37.666+0700 [DEBUG] [org.gradle.cache.internal.DefaultFileLockManager] Lock acquired on daemon addresses registry.
2024-05-07T09:43:37.667+0700 [DEBUG] [org.gradle.cache.internal.DefaultFileLockManager] Releasing lock on daemon addresses registry.
2024-05-07T09:43:37.668+0700 [DEBUG] [org.gradle.launcher.daemon.server.DaemonStateCoordinator] resetting idle timer
2024-05-07T09:43:37.668+0700 [DEBUG] [org.gradle.launcher.daemon.server.DaemonStateCoordinator] daemon is running. Sleeping until state changes.
2024-05-07T09:43:37.668+0700 [INFO] [org.gradle.launcher.daemon.server.exec.StartBuildOrRespondWithBusy] Daemon is about to start building Build{id=5a1380a3-724e-47a4-af4f-b61d3a325931, currentDir=D:\Compose-Drawing-App}. Dispatching build started information...
2024-05-07T09:43:37.668+0700 [DEBUG] [org.gradle.launcher.daemon.server.SynchronizedDispatchConnection] thread 24: dispatching org.gradle.launcher.daemon.protocol.BuildStarted@3f65f89c
2024-05-07T09:43:37.671+0700 [DEBUG] [org.gradle.launcher.daemon.server.exec.EstablishBuildEnvironment] Configuring env variables: [USERDOMAIN_ROAMINGPROFILE, PROCESSOR_LEVEL, OCL_ROOT, SESSIONNAME, ALLUSERSPROFILE, PROCESSOR_ARCHITECTURE, PSModulePath, SystemDrive, VTUNE_PROFILER_2024_DIR, USERNAME, ProgramFiles(x86), FPS_BROWSER_USER_PROFILE_STRING, PATHEXT, DriverData, ADVISOR_2024_DIR, ProgramData, GIT_LFS_PATH, ProgramW6432, HOMEPATH, PROCESSOR_IDENTIFIER, ProgramFiles, PUBLIC, windir, =::, ZES_ENABLE_SYSMAN, IGCCSVC_DB, LOCALAPPDATA, USERDOMAIN, LOGONSERVER, FPS_BROWSER_APP_PROFILE_STRING, OneDrive, APPDATA, CommonProgramFiles, Path, OS, COMPUTERNAME, PROCESSOR_REVISION, CommonProgramW6432, ComSpec, TEMP, SystemRoot, HOMEDRIVE, USERPROFILE, TMP, EFC_9840, CommonProgramFiles(x86), NUMBER_OF_PROCESSORS, IDEA_INITIAL_DIRECTORY]
2024-05-07T09:43:37.672+0700 [DEBUG] [org.gradle.launcher.daemon.server.SynchronizedDispatchConnection] thread 190: received class org.gradle.launcher.daemon.protocol.CloseInput
2024-05-07T09:43:37.672+0700 [DEBUG] [org.gradle.launcher.daemon.server.DefaultDaemonConnection] thread 190: Received IO message from client: org.gradle.launcher.daemon.protocol.CloseInput@5e97c433
2024-05-07T09:43:37.674+0700 [DEBUG] [org.gradle.launcher.daemon.server.exec.LogToClient] About to start relaying all logs to the client via the connection.
2024-05-07T09:43:37.675+0700 [INFO] [org.gradle.launcher.daemon.server.exec.LogToClient] The client will now receive all logging from the daemon (pid: 22348). The daemon log file: D:\hitsMobile\daemon\7.2\daemon-22348.out.log
2024-05-07T09:43:37.677+0700 [INFO] [org.gradle.launcher.daemon.server.exec.LogAndCheckHealth] Starting 2nd build in daemon [uptime: 4 mins 16.884 secs, performance: 100%]
2024-05-07T09:43:37.677+0700 [INFO] [org.gradle.launcher.daemon.server.exec.ForwardClientInput] Closing daemon's stdin at end of input.
2024-05-07T09:43:37.677+0700 [INFO] [org.gradle.launcher.daemon.server.exec.ForwardClientInput] The daemon will no longer process any standard input.
2024-05-07T09:43:37.678+0700 [DEBUG] [org.gradle.launcher.daemon.server.exec.ExecuteBuild] The daemon has started executing the build.
2024-05-07T09:43:37.678+0700 [DEBUG] [org.gradle.launcher.daemon.server.exec.ExecuteBuild] Executing build with daemon context: DefaultDaemonContext[uid=79fc34dc-8b05-4cf3-99e4-e2d74cde7d8d,javaHome=D:\Program Files\Android Studio\jbr,daemonRegistryDir=D:\hitsMobile\daemon,pid=22348,idleTimeout=10800000,priority=NORMAL,daemonOpts=--add-opens,java.base/java.util=ALL-UNNAMED,--add-opens,java.base/java.lang=ALL-UNNAMED,--add-opens,java.base/java.lang.invoke=ALL-UNNAMED,--add-opens,java.base/java.util=ALL-UNNAMED,--add-opens,java.prefs/java.util.prefs=ALL-UNNAMED,--add-opens,java.prefs/java.util.prefs=ALL-UNNAMED,--add-opens,java.base/java.nio.charset=ALL-UNNAMED,--add-opens,java.base/java.net=ALL-UNNAMED,--add-opens,java.base/java.util.concurrent.atomic=ALL-UNNAMED,-Xmx2048m,-Dfile.encoding=UTF-8,-Duser.country=RU,-Duser.language=ru,-Duser.variant]
w: D:\Compose-Drawing-App\app\src\main\java\com\smarttoolfactory\composedrawingapp\DrawingApp.kt: (28, 16): Parameter 'paddingValues' is never used
w: D:\Compose-Drawing-App\app\src\main\java\com\smarttoolfactory\composedrawingapp\DrawingApp.kt: (80, 9): Variable 'canvasText' is never used
w: D:\Compose-Drawing-App\app\src\main\java\com\smarttoolfactory\composedrawingapp\DrawingApp.kt: (81, 9): Variable 'paint' is never used
w: D:\Compose-Drawing-App\app\src\main\java\com\smarttoolfactory\composedrawingapp\gesture\AwaitDragMotionModifier.kt: (26, 77): Parameter 'over' is never used, could be renamed to _
w: D:\Compose-Drawing-App\app\src\main\java\com\smarttoolfactory\composedrawingapp\gesture\AwaitDragMotionModifier.kt: (73, 77): Parameter 'over' is never used, could be renamed to _
w: D:\Compose-Drawing-App\app\src\main\java\com\smarttoolfactory\composedrawingapp\ui\menu\Menus.kt: (43, 5): Parameter 'onPathPropertiesChange' is never used
w: D:\Compose-Drawing-App\app\src\main\java\com\smarttoolfactory\composedrawingapp\ui\menu\Menus.kt: (412, 2): This class can only be used with the compiler argument '-opt-in=kotlin.RequiresOptIn'
w: D:\Compose-Drawing-App\app\src\main\java\com\smarttoolfactory\composedrawingapp\ui\menu\Menus.kt: (423, 25): Variable 'selectedIndex' initializer is redundant

BUILD SUCCESSFUL in 1m 4s
31 actionable tasks: 31 executed
2024-05-07T09:44:42.100+0700 [DEBUG] [org.gradle.launcher.daemon.server.exec.ExecuteBuild] The daemon has finished executing the build.
2024-05-07T09:44:42.111+0700 [DEBUG] [org.gradle.launcher.daemon.server.DaemonStateCoordinator] Command execution: finished waiting for DaemonCommandExecution[command = Build{id=5a1380a3-724e-47a4-af4f-b61d3a325931, currentDir=D:\Compose-Drawing-App}, connection = DefaultDaemonConnection: socket connection from /127.0.0.1:56764 to /127.0.0.1:57029]. Result org.gradle.launcher.daemon.server.DaemonStateCoordinator@6f61764d with state Busy
2024-05-07T09:44:42.111+0700 [DEBUG] [org.gradle.launcher.daemon.server.DaemonStateCoordinator] Command execution: completed DaemonCommandExecution[command = Build{id=5a1380a3-724e-47a4-af4f-b61d3a325931, currentDir=D:\Compose-Drawing-App}, connection = DefaultDaemonConnection: socket connection from /127.0.0.1:56764 to /127.0.0.1:57029]
2024-05-07T09:44:42.111+0700 [DEBUG] [org.gradle.launcher.daemon.server.DaemonStateCoordinator] resetting idle timer
2024-05-07T09:44:42.111+0700 [INFO] [org.gradle.launcher.daemon.server.DaemonRegistryUpdater] Marking the daemon as idle, address: [da3ee370-56ee-47cc-96f5-f5a8035ab0b3 port:56764, addresses:[localhost/127.0.0.1]]
2024-05-07T09:44:42.111+0700 [DEBUG] [org.gradle.launcher.daemon.registry.PersistentDaemonRegistry] Marking busy by address: [da3ee370-56ee-47cc-96f5-f5a8035ab0b3 port:56764, addresses:[localhost/127.0.0.1]]
2024-05-07T09:44:42.111+0700 [DEBUG] [org.gradle.cache.internal.DefaultFileLockManager] Waiting to acquire exclusive lock on daemon addresses registry.
2024-05-07T09:44:42.111+0700 [DEBUG] [org.gradle.cache.internal.DefaultFileLockManager] Lock acquired on daemon addresses registry.
2024-05-07T09:44:42.112+0700 [DEBUG] [org.gradle.cache.internal.DefaultFileLockManager] Releasing lock on daemon addresses registry.
2024-05-07T09:44:42.112+0700 [DEBUG] [org.gradle.launcher.daemon.server.exec.ReturnResult] Daemon is dispatching the build result: Success[value=org.gradle.launcher.exec.BuildActionResult@50c31f30]
2024-05-07T09:44:42.112+0700 [DEBUG] [org.gradle.launcher.daemon.server.DaemonStateCoordinator] daemon is running. Sleeping until state changes.
2024-05-07T09:44:42.112+0700 [DEBUG] [org.gradle.launcher.daemon.server.SynchronizedDispatchConnection] thread 21: dispatching Success[value=org.gradle.launcher.exec.BuildActionResult@50c31f30]
2024-05-07T09:44:42.113+0700 [DEBUG] [org.gradle.launcher.daemon.server.DefaultIncomingConnectionHandler] Finishing executing command: Build{id=5a1380a3-724e-47a4-af4f-b61d3a325931, currentDir=D:\Compose-Drawing-App}
2024-05-07T09:44:42.119+0700 [DEBUG] [org.gradle.launcher.daemon.server.SynchronizedDispatchConnection] thread 190: received class org.gradle.launcher.daemon.protocol.Finished
2024-05-07T09:44:42.119+0700 [DEBUG] [org.gradle.launcher.daemon.server.DefaultDaemonConnection] thread 190: Received non-IO message from client: org.gradle.launcher.daemon.protocol.Finished@1b955185
2024-05-07T09:44:42.119+0700 [DEBUG] [org.gradle.launcher.daemon.server.DefaultIncomingConnectionHandler] Received finished message: org.gradle.launcher.daemon.protocol.Finished@1b955185
2024-05-07T09:44:42.119+0700 [DEBUG] [org.gradle.launcher.daemon.server.SynchronizedDispatchConnection] thread 21: stopping connection
2024-05-07T09:44:42.119+0700 [DEBUG] [org.gradle.internal.remote.internal.inet.SocketConnection] Discarding EOFException: java.io.EOFException
2024-05-07T09:44:42.119+0700 [DEBUG] [org.gradle.launcher.daemon.server.SynchronizedDispatchConnection] thread 190: received null
2024-05-07T09:44:42.119+0700 [DEBUG] [org.gradle.launcher.daemon.server.DefaultDaemonConnection] thread 190: Received end-of-input from client.
2024-05-07T09:44:42.120+0700 [DEBUG] [org.gradle.launcher.daemon.server.SynchronizedDispatchConnection] thread 21: stopping connection
2024-05-07T09:44:43.223+0700 [DEBUG] [org.gradle.process.internal.health.memory.DefaultMemoryManager] 828426649 memory requested, 218546176 free
2024-05-07T09:44:43.225+0700 [DEBUG] [org.gradle.workers.internal.WorkerDaemonExpiration] Will attempt to release 790 of memory
2024-05-07T09:44:43.225+0700 [DEBUG] [org.gradle.process.internal.health.memory.DefaultMemoryManager] 828426649 memory requested, 0 released, 218546176 free
2024-05-07T09:44:48.220+0700 [DEBUG] [org.gradle.process.internal.health.memory.DefaultMemoryManager] 828426649 memory requested, 324399104 free
2024-05-07T09:44:48.220+0700 [DEBUG] [org.gradle.workers.internal.WorkerDaemonExpiration] Will attempt to release 790 of memory
2024-05-07T09:44:48.220+0700 [DEBUG] [org.gradle.process.internal.health.memory.DefaultMemoryManager] 828426649 memory requested, 0 released, 324399104 free
2024-05-07T09:44:51.090+0700 [DEBUG] [org.gradle.cache.internal.DefaultFileLockManager] Waiting to acquire shared lock on daemon addresses registry.
2024-05-07T09:44:51.091+0700 [DEBUG] [org.gradle.cache.internal.DefaultFileLockManager] Lock acquired on daemon addresses registry.
2024-05-07T09:44:51.093+0700 [DEBUG] [org.gradle.cache.internal.DefaultFileLockManager] Releasing lock on daemon addresses registry.
2024-05-07T09:44:51.094+0700 [DEBUG] [org.gradle.cache.internal.DefaultFileLockManager] Waiting to acquire shared lock on daemon addresses registry.
2024-05-07T09:44:51.094+0700 [DEBUG] [org.gradle.cache.internal.DefaultFileLockManager] Lock acquired on daemon addresses registry.
2024-05-07T09:44:51.094+0700 [DEBUG] [org.gradle.cache.internal.DefaultFileLockManager] Releasing lock on daemon addresses registry.
2024-05-07T09:44:52.789+0700 [DEBUG] [sun.rmi.transport.tcp] RMI Scheduler(0): close connection, socket: Socket[addr=localhost/127.0.0.1,port=17098,localport=57084]
2024-05-07T09:44:52.790+0700 [DEBUG] [sun.rmi.transport.tcp] RMI Scheduler(0): close connection, socket: Socket[addr=localhost/127.0.0.1,port=17098,localport=57096]
2024-05-07T09:44:52.849+0700 [DEBUG] [sun.rmi.transport.tcp] RMI TCP Connection(1)-127.0.0.1: (port 57086) connection closed
2024-05-07T09:44:52.850+0700 [DEBUG] [sun.rmi.transport.tcp] RMI TCP Connection(1)-127.0.0.1: close connection, socket: Socket[addr=/127.0.0.1,port=57087,localport=57086]
2024-05-07T09:44:52.851+0700 [DEBUG] [sun.rmi.transport.tcp] RMI TCP Connection(1)-127.0.0.1: socket close: Socket[addr=/127.0.0.1,port=57087,localport=57086]
2024-05-07T09:44:53.220+0700 [DEBUG] [org.gradle.process.internal.health.memory.DefaultMemoryManager] 828426649 memory requested, 339435520 free
2024-05-07T09:44:53.220+0700 [DEBUG] [org.gradle.workers.internal.WorkerDaemonExpiration] Will attempt to release 790 of memory
2024-05-07T09:44:53.220+0700 [DEBUG] [org.gradle.process.internal.health.memory.DefaultMemoryManager] 828426649 memory requested, 0 released, 339435520 free
2024-05-07T09:44:58.220+0700 [DEBUG] [org.gradle.process.internal.health.memory.DefaultMemoryManager] 828426649 memory requested, 494096384 free
2024-05-07T09:44:58.220+0700 [DEBUG] [org.gradle.workers.internal.WorkerDaemonExpiration] Will attempt to release 790 of memory
2024-05-07T09:44:58.220+0700 [DEBUG] [org.gradle.process.internal.health.memory.DefaultMemoryManager] 828426649 memory requested, 0 released, 494096384 free
2024-05-07T09:45:01.090+0700 [DEBUG] [org.gradle.cache.internal.DefaultFileLockManager] Waiting to acquire shared lock on daemon addresses registry.
2024-05-07T09:45:01.092+0700 [DEBUG] [org.gradle.cache.internal.DefaultFileLockManager] Lock acquired on daemon addresses registry.
2024-05-07T09:45:01.093+0700 [DEBUG] [org.gradle.cache.internal.DefaultFileLockManager] Releasing lock on daemon addresses registry.
2024-05-07T09:45:01.095+0700 [DEBUG] [org.gradle.cache.internal.DefaultFileLockManager] Waiting to acquire shared lock on daemon addresses registry.
2024-05-07T09:45:01.095+0700 [DEBUG] [org.gradle.cache.internal.DefaultFileLockManager] Lock acquired on daemon addresses registry.
2024-05-07T09:45:01.095+0700 [DEBUG] [org.gradle.cache.internal.DefaultFileLockManager] Releasing lock on daemon addresses registry.
2024-05-07T09:45:01.096+0700 [DEBUG] [org.gradle.cache.internal.DefaultFileLockManager] Waiting to acquire shared lock on daemon addresses registry.
2024-05-07T09:45:01.096+0700 [DEBUG] [org.gradle.cache.internal.DefaultFileLockManager] Lock acquired on daemon addresses registry.
2024-05-07T09:45:01.097+0700 [DEBUG] [org.gradle.cache.internal.DefaultFileLockManager] Releasing lock on daemon addresses registry.
2024-05-07T09:45:03.221+0700 [DEBUG] [org.gradle.process.internal.health.memory.DefaultMemoryManager] 828426649 memory requested, 462577664 free
2024-05-07T09:45:03.222+0700 [DEBUG] [org.gradle.workers.internal.WorkerDaemonExpiration] Will attempt to release 790 of memory
2024-05-07T09:45:03.222+0700 [DEBUG] [org.gradle.process.internal.health.memory.DefaultMemoryManager] 828426649 memory requested, 0 released, 462577664 free
2024-05-07T09:45:08.222+0700 [DEBUG] [org.gradle.process.internal.health.memory.DefaultMemoryManager] 828426649 memory requested, 653135872 free
2024-05-07T09:45:08.225+0700 [DEBUG] [org.gradle.workers.internal.WorkerDaemonExpiration] Will attempt to release 790 of memory
2024-05-07T09:45:08.226+0700 [DEBUG] [org.gradle.process.internal.health.memory.DefaultMemoryManager] 828426649 memory requested, 0 released, 653135872 free
2024-05-07T09:45:11.093+0700 [DEBUG] [org.gradle.cache.internal.DefaultFileLockManager] Waiting to acquire shared lock on daemon addresses registry.
2024-05-07T09:45:11.093+0700 [DEBUG] [org.gradle.cache.internal.DefaultFileLockManager] Lock acquired on daemon addresses registry.
2024-05-07T09:45:11.095+0700 [DEBUG] [org.gradle.cache.internal.DefaultFileLockManager] Releasing lock on daemon addresses registry.
2024-05-07T09:45:11.096+0700 [DEBUG] [org.gradle.cache.internal.DefaultFileLockManager] Waiting to acquire shared lock on daemon addresses registry.
2024-05-07T09:45:11.096+0700 [DEBUG] [org.gradle.cache.internal.DefaultFileLockManager] Lock acquired on daemon addresses registry.
2024-05-07T09:45:11.098+0700 [DEBUG] [org.gradle.cache.internal.DefaultFileLockManager] Releasing lock on daemon addresses registry.
2024-05-07T09:45:11.098+0700 [DEBUG] [org.gradle.cache.internal.DefaultFileLockManager] Waiting to acquire shared lock on daemon addresses registry.
2024-05-07T09:45:11.099+0700 [DEBUG] [org.gradle.cache.internal.DefaultFileLockManager] Lock acquired on daemon addresses registry.
2024-05-07T09:45:11.099+0700 [DEBUG] [org.gradle.cache.internal.DefaultFileLockManager] Releasing lock on daemon addresses registry.
2024-05-07T09:45:13.220+0700 [DEBUG] [org.gradle.process.internal.health.memory.DefaultMemoryManager] 828426649 memory requested, 672591872 free
2024-05-07T09:45:13.220+0700 [DEBUG] [org.gradle.workers.internal.WorkerDaemonExpiration] Will attempt to release 790 of memory
2024-05-07T09:45:13.221+0700 [DEBUG] [org.gradle.process.internal.health.memory.DefaultMemoryManager] 828426649 memory requested, 0 released, 672591872 free
2024-05-07T09:45:21.092+0700 [DEBUG] [org.gradle.cache.internal.DefaultFileLockManager] Waiting to acquire shared lock on daemon addresses registry.
2024-05-07T09:45:21.095+0700 [DEBUG] [org.gradle.cache.internal.DefaultFileLockManager] Lock acquired on daemon addresses registry.
2024-05-07T09:45:21.096+0700 [DEBUG] [org.gradle.cache.internal.DefaultFileLockManager] Releasing lock on daemon addresses registry.
2024-05-07T09:45:21.102+0700 [DEBUG] [org.gradle.cache.internal.DefaultFileLockManager] Waiting to acquire shared lock on daemon addresses registry.
2024-05-07T09:45:21.102+0700 [DEBUG] [org.gradle.cache.internal.DefaultFileLockManager] Lock acquired on daemon addresses registry.
2024-05-07T09:45:21.103+0700 [DEBUG] [org.gradle.cache.internal.DefaultFileLockManager] Releasing lock on daemon addresses registry.
2024-05-07T09:45:21.110+0700 [DEBUG] [org.gradle.cache.internal.DefaultFileLockManager] Waiting to acquire shared lock on daemon addresses registry.
2024-05-07T09:45:21.110+0700 [DEBUG] [org.gradle.cache.internal.DefaultFileLockManager] Lock acquired on daemon addresses registry.
2024-05-07T09:45:21.110+0700 [DEBUG] [org.gradle.cache.internal.DefaultFileLockManager] Releasing lock on daemon addresses registry.
2024-05-07T09:45:23.222+0700 [DEBUG] [org.gradle.process.internal.health.memory.DefaultMemoryManager] 828426649 memory requested, 422277120 free
2024-05-07T09:45:23.222+0700 [DEBUG] [org.gradle.workers.internal.WorkerDaemonExpiration] Will attempt to release 790 of memory
2024-05-07T09:45:23.222+0700 [DEBUG] [org.gradle.process.internal.health.memory.DefaultMemoryManager] 828426649 memory requested, 0 released, 422277120 free
2024-05-07T09:45:31.090+0700 [DEBUG] [org.gradle.cache.internal.DefaultFileLockManager] Waiting to acquire shared lock on daemon addresses registry.
2024-05-07T09:45:31.091+0700 [DEBUG] [org.gradle.cache.internal.DefaultFileLockManager] Lock acquired on daemon addresses registry.
2024-05-07T09:45:31.091+0700 [DEBUG] [org.gradle.cache.internal.DefaultFileLockManager] Releasing lock on daemon addresses registry.
2024-05-07T09:45:31.092+0700 [DEBUG] [org.gradle.cache.internal.DefaultFileLockManager] Waiting to acquire shared lock on daemon addresses registry.
2024-05-07T09:45:31.092+0700 [DEBUG] [org.gradle.cache.internal.DefaultFileLockManager] Lock acquired on daemon addresses registry.
2024-05-07T09:45:31.096+0700 [DEBUG] [org.gradle.cache.internal.DefaultFileLockManager] Releasing lock on daemon addresses registry.
2024-05-07T09:45:31.097+0700 [DEBUG] [org.gradle.cache.internal.DefaultFileLockManager] Waiting to acquire shared lock on daemon addresses registry.
2024-05-07T09:45:31.097+0700 [DEBUG] [org.gradle.cache.internal.DefaultFileLockManager] Lock acquired on daemon addresses registry.
2024-05-07T09:45:31.097+0700 [DEBUG] [org.gradle.cache.internal.DefaultFileLockManager] Releasing lock on daemon addresses registry.
2024-05-07T09:45:38.220+0700 [DEBUG] [org.gradle.process.internal.health.memory.DefaultMemoryManager] 828426649 memory requested, 745345024 free
2024-05-07T09:45:38.220+0700 [DEBUG] [org.gradle.workers.internal.WorkerDaemonExpiration] Will attempt to release 790 of memory
2024-05-07T09:45:38.220+0700 [DEBUG] [org.gradle.process.internal.health.memory.DefaultMemoryManager] 828426649 memory requested, 0 released, 745345024 free
2024-05-07T09:45:41.090+0700 [DEBUG] [org.gradle.cache.internal.DefaultFileLockManager] Waiting to acquire shared lock on daemon addresses registry.
2024-05-07T09:45:41.090+0700 [DEBUG] [org.gradle.cache.internal.DefaultFileLockManager] Lock acquired on daemon addresses registry.
2024-05-07T09:45:41.090+0700 [DEBUG] [org.gradle.cache.internal.DefaultFileLockManager] Releasing lock on daemon addresses registry.
2024-05-07T09:45:41.091+0700 [DEBUG] [org.gradle.cache.internal.DefaultFileLockManager] Waiting to acquire shared lock on daemon addresses registry.
2024-05-07T09:45:41.091+0700 [DEBUG] [org.gradle.cache.internal.DefaultFileLockManager] Lock acquired on daemon addresses registry.
2024-05-07T09:45:41.091+0700 [DEBUG] [org.gradle.cache.internal.DefaultFileLockManager] Releasing lock on daemon addresses registry.
2024-05-07T09:45:41.091+0700 [DEBUG] [org.gradle.cache.internal.DefaultFileLockManager] Waiting to acquire shared lock on daemon addresses registry.
2024-05-07T09:45:41.091+0700 [DEBUG] [org.gradle.cache.internal.DefaultFileLockManager] Lock acquired on daemon addresses registry.
2024-05-07T09:45:41.091+0700 [DEBUG] [org.gradle.cache.internal.DefaultFileLockManager] Releasing lock on daemon addresses registry.
2024-05-07T09:45:43.220+0700 [DEBUG] [org.gradle.process.internal.health.memory.DefaultMemoryManager] 828426649 memory requested, 468582400 free
2024-05-07T09:45:43.220+0700 [DEBUG] [org.gradle.workers.internal.WorkerDaemonExpiration] Will attempt to release 790 of memory
2024-05-07T09:45:43.221+0700 [DEBUG] [org.gradle.process.internal.health.memory.DefaultMemoryManager] 828426649 memory requested, 0 released, 468582400 free
2024-05-07T09:45:48.219+0700 [DEBUG] [org.gradle.process.internal.health.memory.DefaultMemoryManager] 828426649 memory requested, 377888768 free
2024-05-07T09:45:48.219+0700 [DEBUG] [org.gradle.workers.internal.WorkerDaemonExpiration] Will attempt to release 790 of memory
2024-05-07T09:45:48.219+0700 [DEBUG] [org.gradle.process.internal.health.memory.DefaultMemoryManager] 828426649 memory requested, 0 released, 377888768 free
2024-05-07T09:45:51.091+0700 [DEBUG] [org.gradle.cache.internal.DefaultFileLockManager] Waiting to acquire shared lock on daemon addresses registry.
2024-05-07T09:45:51.091+0700 [DEBUG] [org.gradle.cache.internal.DefaultFileLockManager] Lock acquired on daemon addresses registry.
2024-05-07T09:45:51.092+0700 [DEBUG] [org.gradle.cache.internal.DefaultFileLockManager] Releasing lock on daemon addresses registry.
2024-05-07T09:45:51.092+0700 [DEBUG] [org.gradle.cache.internal.DefaultFileLockManager] Waiting to acquire shared lock on daemon addresses registry.
2024-05-07T09:45:51.092+0700 [DEBUG] [org.gradle.cache.internal.DefaultFileLockManager] Lock acquired on daemon addresses registry.
2024-05-07T09:45:51.092+0700 [DEBUG] [org.gradle.cache.internal.DefaultFileLockManager] Releasing lock on daemon addresses registry.
2024-05-07T09:45:51.093+0700 [DEBUG] [org.gradle.cache.internal.DefaultFileLockManager] Waiting to acquire shared lock on daemon addresses registry.
2024-05-07T09:45:51.093+0700 [DEBUG] [org.gradle.cache.internal.DefaultFileLockManager] Lock acquired on daemon addresses registry.
2024-05-07T09:45:51.095+0700 [DEBUG] [org.gradle.cache.internal.DefaultFileLockManager] Releasing lock on daemon addresses registry.
2024-05-07T09:46:01.091+0700 [DEBUG] [org.gradle.cache.internal.DefaultFileLockManager] Waiting to acquire shared lock on daemon addresses registry.
2024-05-07T09:46:01.091+0700 [DEBUG] [org.gradle.cache.internal.DefaultFileLockManager] Lock acquired on daemon addresses registry.
2024-05-07T09:46:01.092+0700 [DEBUG] [org.gradle.cache.internal.DefaultFileLockManager] Releasing lock on daemon addresses registry.
2024-05-07T09:46:01.093+0700 [DEBUG] [org.gradle.cache.internal.DefaultFileLockManager] Waiting to acquire shared lock on daemon addresses registry.
2024-05-07T09:46:01.093+0700 [DEBUG] [org.gradle.cache.internal.DefaultFileLockManager] Lock acquired on daemon addresses registry.
2024-05-07T09:46:01.094+0700 [DEBUG] [org.gradle.cache.internal.DefaultFileLockManager] Releasing lock on daemon addresses registry.
2024-05-07T09:46:01.094+0700 [DEBUG] [org.gradle.cache.internal.DefaultFileLockManager] Waiting to acquire shared lock on daemon addresses registry.
2024-05-07T09:46:01.094+0700 [DEBUG] [org.gradle.cache.internal.DefaultFileLockManager] Lock acquired on daemon addresses registry.
2024-05-07T09:46:01.095+0700 [DEBUG] [org.gradle.cache.internal.DefaultFileLockManager] Releasing lock on daemon addresses registry.
2024-05-07T09:46:11.089+0700 [DEBUG] [org.gradle.cache.internal.DefaultFileLockManager] Waiting to acquire shared lock on daemon addresses registry.
2024-05-07T09:46:11.089+0700 [DEBUG] [org.gradle.cache.internal.DefaultFileLockManager] Lock acquired on daemon addresses registry.
2024-05-07T09:46:11.089+0700 [DEBUG] [org.gradle.cache.internal.DefaultFileLockManager] Releasing lock on daemon addresses registry.
2024-05-07T09:46:11.090+0700 [DEBUG] [org.gradle.cache.internal.DefaultFileLockManager] Waiting to acquire shared lock on daemon addresses registry.
2024-05-07T09:46:11.090+0700 [DEBUG] [org.gradle.cache.internal.DefaultFileLockManager] Lock acquired on daemon addresses registry.
2024-05-07T09:46:11.090+0700 [DEBUG] [org.gradle.cache.internal.DefaultFileLockManager] Releasing lock on daemon addresses registry.
2024-05-07T09:46:11.090+0700 [DEBUG] [org.gradle.cache.internal.DefaultFileLockManager] Waiting to acquire shared lock on daemon addresses registry.
2024-05-07T09:46:11.090+0700 [DEBUG] [org.gradle.cache.internal.DefaultFileLockManager] Lock acquired on daemon addresses registry.
2024-05-07T09:46:11.090+0700 [DEBUG] [org.gradle.cache.internal.DefaultFileLockManager] Releasing lock on daemon addresses registry.
2024-05-07T09:46:18.220+0700 [DEBUG] [org.gradle.process.internal.health.memory.DefaultMemoryManager] 828426649 memory requested, 573050880 free
2024-05-07T09:46:18.220+0700 [DEBUG] [org.gradle.workers.internal.WorkerDaemonExpiration] Will attempt to release 790 of memory
2024-05-07T09:46:18.220+0700 [DEBUG] [org.gradle.process.internal.health.memory.DefaultMemoryManager] 828426649 memory requested, 0 released, 573050880 free
2024-05-07T09:46:21.089+0700 [DEBUG] [org.gradle.cache.internal.DefaultFileLockManager] Waiting to acquire shared lock on daemon addresses registry.
2024-05-07T09:46:21.089+0700 [DEBUG] [org.gradle.cache.internal.DefaultFileLockManager] Lock acquired on daemon addresses registry.
2024-05-07T09:46:21.089+0700 [DEBUG] [org.gradle.cache.internal.DefaultFileLockManager] Releasing lock on daemon addresses registry.
2024-05-07T09:46:21.090+0700 [DEBUG] [org.gradle.cache.internal.DefaultFileLockManager] Waiting to acquire shared lock on daemon addresses registry.
2024-05-07T09:46:21.090+0700 [DEBUG] [org.gradle.cache.internal.DefaultFileLockManager] Lock acquired on daemon addresses registry.
2024-05-07T09:46:21.090+0700 [DEBUG] [org.gradle.cache.internal.DefaultFileLockManager] Releasing lock on daemon addresses registry.
2024-05-07T09:46:21.091+0700 [DEBUG] [org.gradle.cache.internal.DefaultFileLockManager] Waiting to acquire shared lock on daemon addresses registry.
2024-05-07T09:46:21.091+0700 [DEBUG] [org.gradle.cache.internal.DefaultFileLockManager] Lock acquired on daemon addresses registry.
2024-05-07T09:46:21.095+0700 [DEBUG] [org.gradle.cache.internal.DefaultFileLockManager] Releasing lock on daemon addresses registry.
2024-05-07T09:46:23.219+0700 [DEBUG] [org.gradle.process.internal.health.memory.DefaultMemoryManager] 828426649 memory requested, 435941376 free
2024-05-07T09:46:23.219+0700 [DEBUG] [org.gradle.workers.internal.WorkerDaemonExpiration] Will attempt to release 790 of memory
2024-05-07T09:46:23.220+0700 [DEBUG] [org.gradle.process.internal.health.memory.DefaultMemoryManager] 828426649 memory requested, 0 released, 435941376 free
2024-05-07T09:46:28.221+0700 [DEBUG] [org.gradle.process.internal.health.memory.DefaultMemoryManager] 828426649 memory requested, 683675648 free
2024-05-07T09:46:28.222+0700 [DEBUG] [org.gradle.workers.internal.WorkerDaemonExpiration] Will attempt to release 790 of memory
2024-05-07T09:46:28.222+0700 [DEBUG] [org.gradle.process.internal.health.memory.DefaultMemoryManager] 828426649 memory requested, 0 released, 683675648 free
2024-05-07T09:46:31.090+0700 [DEBUG] [org.gradle.cache.internal.DefaultFileLockManager] Waiting to acquire shared lock on daemon addresses registry.
2024-05-07T09:46:31.090+0700 [DEBUG] [org.gradle.cache.internal.DefaultFileLockManager] Lock acquired on daemon addresses registry.
2024-05-07T09:46:31.091+0700 [DEBUG] [org.gradle.cache.internal.DefaultFileLockManager] Releasing lock on daemon addresses registry.
2024-05-07T09:46:31.091+0700 [DEBUG] [org.gradle.cache.internal.DefaultFileLockManager] Waiting to acquire shared lock on daemon addresses registry.
2024-05-07T09:46:31.091+0700 [DEBUG] [org.gradle.cache.internal.DefaultFileLockManager] Lock acquired on daemon addresses registry.
2024-05-07T09:46:31.091+0700 [DEBUG] [org.gradle.cache.internal.DefaultFileLockManager] Releasing lock on daemon addresses registry.
2024-05-07T09:46:31.091+0700 [DEBUG] [org.gradle.cache.internal.DefaultFileLockManager] Waiting to acquire shared lock on daemon addresses registry.
2024-05-07T09:46:31.092+0700 [DEBUG] [org.gradle.cache.internal.DefaultFileLockManager] Lock acquired on daemon addresses registry.
2024-05-07T09:46:31.092+0700 [DEBUG] [org.gradle.cache.internal.DefaultFileLockManager] Releasing lock on daemon addresses registry.
2024-05-07T09:46:41.103+0700 [DEBUG] [org.gradle.cache.internal.DefaultFileLockManager] Waiting to acquire shared lock on daemon addresses registry.
2024-05-07T09:46:41.105+0700 [DEBUG] [org.gradle.cache.internal.DefaultFileLockManager] Lock acquired on daemon addresses registry.
2024-05-07T09:46:41.106+0700 [DEBUG] [org.gradle.cache.internal.DefaultFileLockManager] Releasing lock on daemon addresses registry.
2024-05-07T09:46:41.108+0700 [DEBUG] [org.gradle.cache.internal.DefaultFileLockManager] Waiting to acquire shared lock on daemon addresses registry.
2024-05-07T09:46:41.112+0700 [DEBUG] [org.gradle.cache.internal.DefaultFileLockManager] Lock acquired on daemon addresses registry.
2024-05-07T09:46:41.112+0700 [DEBUG] [org.gradle.cache.internal.DefaultFileLockManager] Releasing lock on daemon addresses registry.
2024-05-07T09:46:41.112+0700 [DEBUG] [org.gradle.cache.internal.DefaultFileLockManager] Waiting to acquire shared lock on daemon addresses registry.
2024-05-07T09:46:41.112+0700 [DEBUG] [org.gradle.cache.internal.DefaultFileLockManager] Lock acquired on daemon addresses registry.
2024-05-07T09:46:41.113+0700 [DEBUG] [org.gradle.cache.internal.DefaultFileLockManager] Releasing lock on daemon addresses registry.
2024-05-07T09:46:51.090+0700 [DEBUG] [org.gradle.cache.internal.DefaultFileLockManager] Waiting to acquire shared lock on daemon addresses registry.
2024-05-07T09:46:51.092+0700 [DEBUG] [org.gradle.cache.internal.DefaultFileLockManager] Lock acquired on daemon addresses registry.
2024-05-07T09:46:51.095+0700 [DEBUG] [org.gradle.cache.internal.DefaultFileLockManager] Releasing lock on daemon addresses registry.
2024-05-07T09:46:51.096+0700 [DEBUG] [org.gradle.cache.internal.DefaultFileLockManager] Waiting to acquire shared lock on daemon addresses registry.
2024-05-07T09:46:51.096+0700 [DEBUG] [org.gradle.cache.internal.DefaultFileLockManager] Lock acquired on daemon addresses registry.
2024-05-07T09:46:51.096+0700 [DEBUG] [org.gradle.cache.internal.DefaultFileLockManager] Releasing lock on daemon addresses registry.
2024-05-07T09:46:51.096+0700 [DEBUG] [org.gradle.cache.internal.DefaultFileLockManager] Waiting to acquire shared lock on daemon addresses registry.
2024-05-07T09:46:51.097+0700 [DEBUG] [org.gradle.cache.internal.DefaultFileLockManager] Lock acquired on daemon addresses registry.
2024-05-07T09:46:51.097+0700 [DEBUG] [org.gradle.cache.internal.DefaultFileLockManager] Releasing lock on daemon addresses registry.
2024-05-07T09:47:01.093+0700 [DEBUG] [org.gradle.cache.internal.DefaultFileLockManager] Waiting to acquire shared lock on daemon addresses registry.
2024-05-07T09:47:01.093+0700 [DEBUG] [org.gradle.cache.internal.DefaultFileLockManager] Lock acquired on daemon addresses registry.
2024-05-07T09:47:01.094+0700 [DEBUG] [org.gradle.cache.internal.DefaultFileLockManager] Releasing lock on daemon addresses registry.
2024-05-07T09:47:01.095+0700 [DEBUG] [org.gradle.cache.internal.DefaultFileLockManager] Waiting to acquire shared lock on daemon addresses registry.
2024-05-07T09:47:01.096+0700 [DEBUG] [org.gradle.cache.internal.DefaultFileLockManager] Lock acquired on daemon addresses registry.
2024-05-07T09:47:01.096+0700 [DEBUG] [org.gradle.cache.internal.DefaultFileLockManager] Releasing lock on daemon addresses registry.
2024-05-07T09:47:01.097+0700 [DEBUG] [org.gradle.cache.internal.DefaultFileLockManager] Waiting to acquire shared lock on daemon addresses registry.
2024-05-07T09:47:01.097+0700 [DEBUG] [org.gradle.cache.internal.DefaultFileLockManager] Lock acquired on daemon addresses registry.
2024-05-07T09:47:01.099+0700 [DEBUG] [org.gradle.cache.internal.DefaultFileLockManager] Releasing lock on daemon addresses registry.
2024-05-07T09:47:11.088+0700 [DEBUG] [org.gradle.cache.internal.DefaultFileLockManager] Waiting to acquire shared lock on daemon addresses registry.
2024-05-07T09:47:11.088+0700 [DEBUG] [org.gradle.cache.internal.DefaultFileLockManager] Lock acquired on daemon addresses registry.
2024-05-07T09:47:11.088+0700 [DEBUG] [org.gradle.cache.internal.DefaultFileLockManager] Releasing lock on daemon addresses registry.
2024-05-07T09:47:11.089+0700 [DEBUG] [org.gradle.cache.internal.DefaultFileLockManager] Waiting to acquire shared lock on daemon addresses registry.
2024-05-07T09:47:11.089+0700 [DEBUG] [org.gradle.cache.internal.DefaultFileLockManager] Lock acquired on daemon addresses registry.
2024-05-07T09:47:11.090+0700 [DEBUG] [org.gradle.cache.internal.DefaultFileLockManager] Releasing lock on daemon addresses registry.
2024-05-07T09:47:11.090+0700 [DEBUG] [org.gradle.cache.internal.DefaultFileLockManager] Waiting to acquire shared lock on daemon addresses registry.
2024-05-07T09:47:11.090+0700 [DEBUG] [org.gradle.cache.internal.DefaultFileLockManager] Lock acquired on daemon addresses registry.
2024-05-07T09:47:11.090+0700 [DEBUG] [org.gradle.cache.internal.DefaultFileLockManager] Releasing lock on daemon addresses registry.
2024-05-07T09:47:18.220+0700 [DEBUG] [org.gradle.process.internal.health.memory.DefaultMemoryManager] 828426649 memory requested, 801583104 free
2024-05-07T09:47:18.221+0700 [DEBUG] [org.gradle.workers.internal.WorkerDaemonExpiration] Will attempt to release 790 of memory
2024-05-07T09:47:18.222+0700 [DEBUG] [org.gradle.process.internal.health.memory.DefaultMemoryManager] 828426649 memory requested, 0 released, 801583104 free
2024-05-07T09:47:21.091+0700 [DEBUG] [org.gradle.cache.internal.DefaultFileLockManager] Waiting to acquire shared lock on daemon addresses registry.
2024-05-07T09:47:21.091+0700 [DEBUG] [org.gradle.cache.internal.DefaultFileLockManager] Lock acquired on daemon addresses registry.
2024-05-07T09:47:21.093+0700 [DEBUG] [org.gradle.cache.internal.DefaultFileLockManager] Releasing lock on daemon addresses registry.
2024-05-07T09:47:21.095+0700 [DEBUG] [org.gradle.cache.internal.DefaultFileLockManager] Waiting to acquire shared lock on daemon addresses registry.
2024-05-07T09:47:21.095+0700 [DEBUG] [org.gradle.cache.internal.DefaultFileLockManager] Lock acquired on daemon addresses registry.
2024-05-07T09:47:21.096+0700 [DEBUG] [org.gradle.cache.internal.DefaultFileLockManager] Releasing lock on daemon addresses registry.
2024-05-07T09:47:21.097+0700 [DEBUG] [org.gradle.cache.internal.DefaultFileLockManager] Waiting to acquire shared lock on daemon addresses registry.
2024-05-07T09:47:21.097+0700 [DEBUG] [org.gradle.cache.internal.DefaultFileLockManager] Lock acquired on daemon addresses registry.
2024-05-07T09:47:21.097+0700 [DEBUG] [org.gradle.cache.internal.DefaultFileLockManager] Releasing lock on daemon addresses registry.
2024-05-07T09:47:23.220+0700 [DEBUG] [org.gradle.process.internal.health.memory.DefaultMemoryManager] 828426649 memory requested, 711835648 free
2024-05-07T09:47:23.220+0700 [DEBUG] [org.gradle.workers.internal.WorkerDaemonExpiration] Will attempt to release 790 of memory
2024-05-07T09:47:23.220+0700 [DEBUG] [org.gradle.process.internal.health.memory.DefaultMemoryManager] 828426649 memory requested, 0 released, 711835648 free
2024-05-07T09:47:28.223+0700 [DEBUG] [org.gradle.process.internal.health.memory.DefaultMemoryManager] 828426649 memory requested, 704536576 free
2024-05-07T09:47:28.223+0700 [DEBUG] [org.gradle.workers.internal.WorkerDaemonExpiration] Will attempt to release 790 of memory
2024-05-07T09:47:28.223+0700 [DEBUG] [org.gradle.process.internal.health.memory.DefaultMemoryManager] 828426649 memory requested, 0 released, 704536576 free
2024-05-07T09:47:31.090+0700 [DEBUG] [org.gradle.cache.internal.DefaultFileLockManager] Waiting to acquire shared lock on daemon addresses registry.
2024-05-07T09:47:31.091+0700 [DEBUG] [org.gradle.cache.internal.DefaultFileLockManager] Lock acquired on daemon addresses registry.
2024-05-07T09:47:31.092+0700 [DEBUG] [org.gradle.cache.internal.DefaultFileLockManager] Releasing lock on daemon addresses registry.
2024-05-07T09:47:31.093+0700 [DEBUG] [org.gradle.cache.internal.DefaultFileLockManager] Waiting to acquire shared lock on daemon addresses registry.
2024-05-07T09:47:31.093+0700 [DEBUG] [org.gradle.cache.internal.DefaultFileLockManager] Lock acquired on daemon addresses registry.
2024-05-07T09:47:31.093+0700 [DEBUG] [org.gradle.cache.internal.DefaultFileLockManager] Releasing lock on daemon addresses registry.
2024-05-07T09:47:31.094+0700 [DEBUG] [org.gradle.cache.internal.DefaultFileLockManager] Waiting to acquire shared lock on daemon addresses registry.
2024-05-07T09:47:31.094+0700 [DEBUG] [org.gradle.cache.internal.DefaultFileLockManager] Lock acquired on daemon addresses registry.
2024-05-07T09:47:31.094+0700 [DEBUG] [org.gradle.cache.internal.DefaultFileLockManager] Releasing lock on daemon addresses registry.
2024-05-07T09:47:33.221+0700 [DEBUG] [org.gradle.process.internal.health.memory.DefaultMemoryManager] 828426649 memory requested, 347389952 free
2024-05-07T09:47:33.221+0700 [DEBUG] [org.gradle.workers.internal.WorkerDaemonExpiration] Will attempt to release 790 of memory
2024-05-07T09:47:33.221+0700 [DEBUG] [org.gradle.process.internal.health.memory.DefaultMemoryManager] 828426649 memory requested, 0 released, 347389952 free
2024-05-07T09:47:41.089+0700 [DEBUG] [org.gradle.cache.internal.DefaultFileLockManager] Waiting to acquire shared lock on daemon addresses registry.
2024-05-07T09:47:41.089+0700 [DEBUG] [org.gradle.cache.internal.DefaultFileLockManager] Lock acquired on daemon addresses registry.
2024-05-07T09:47:41.090+0700 [DEBUG] [org.gradle.cache.internal.DefaultFileLockManager] Releasing lock on daemon addresses registry.
2024-05-07T09:47:41.090+0700 [DEBUG] [org.gradle.cache.internal.DefaultFileLockManager] Waiting to acquire shared lock on daemon addresses registry.
2024-05-07T09:47:41.090+0700 [DEBUG] [org.gradle.cache.internal.DefaultFileLockManager] Lock acquired on daemon addresses registry.
2024-05-07T09:47:41.091+0700 [DEBUG] [org.gradle.cache.internal.DefaultFileLockManager] Releasing lock on daemon addresses registry.
2024-05-07T09:47:41.091+0700 [DEBUG] [org.gradle.cache.internal.DefaultFileLockManager] Waiting to acquire shared lock on daemon addresses registry.
2024-05-07T09:47:41.092+0700 [DEBUG] [org.gradle.cache.internal.DefaultFileLockManager] Lock acquired on daemon addresses registry.
2024-05-07T09:47:41.092+0700 [DEBUG] [org.gradle.cache.internal.DefaultFileLockManager] Releasing lock on daemon addresses registry.
2024-05-07T09:47:51.090+0700 [DEBUG] [org.gradle.cache.internal.DefaultFileLockManager] Waiting to acquire shared lock on daemon addresses registry.
2024-05-07T09:47:51.090+0700 [DEBUG] [org.gradle.cache.internal.DefaultFileLockManager] Lock acquired on daemon addresses registry.
2024-05-07T09:47:51.091+0700 [DEBUG] [org.gradle.cache.internal.DefaultFileLockManager] Releasing lock on daemon addresses registry.
2024-05-07T09:47:51.091+0700 [DEBUG] [org.gradle.cache.internal.DefaultFileLockManager] Waiting to acquire shared lock on daemon addresses registry.
2024-05-07T09:47:51.092+0700 [DEBUG] [org.gradle.cache.internal.DefaultFileLockManager] Lock acquired on daemon addresses registry.
2024-05-07T09:47:51.092+0700 [DEBUG] [org.gradle.cache.internal.DefaultFileLockManager] Releasing lock on daemon addresses registry.
2024-05-07T09:47:51.093+0700 [DEBUG] [org.gradle.cache.internal.DefaultFileLockManager] Waiting to acquire shared lock on daemon addresses registry.
2024-05-07T09:47:51.094+0700 [DEBUG] [org.gradle.cache.internal.DefaultFileLockManager] Lock acquired on daemon addresses registry.
2024-05-07T09:47:51.095+0700 [DEBUG] [org.gradle.cache.internal.DefaultFileLockManager] Releasing lock on daemon addresses registry.
2024-05-07T09:48:01.091+0700 [DEBUG] [org.gradle.cache.internal.DefaultFileLockManager] Waiting to acquire shared lock on daemon addresses registry.
2024-05-07T09:48:01.092+0700 [DEBUG] [org.gradle.cache.internal.DefaultFileLockManager] Lock acquired on daemon addresses registry.
2024-05-07T09:48:01.093+0700 [DEBUG] [org.gradle.cache.internal.DefaultFileLockManager] Releasing lock on daemon addresses registry.
2024-05-07T09:48:01.099+0700 [DEBUG] [org.gradle.cache.internal.DefaultFileLockManager] Waiting to acquire shared lock on daemon addresses registry.
2024-05-07T09:48:01.100+0700 [DEBUG] [org.gradle.cache.internal.DefaultFileLockManager] Lock acquired on daemon addresses registry.
2024-05-07T09:48:01.100+0700 [DEBUG] [org.gradle.cache.internal.DefaultFileLockManager] Releasing lock on daemon addresses registry.
2024-05-07T09:48:01.101+0700 [DEBUG] [org.gradle.cache.internal.DefaultFileLockManager] Waiting to acquire shared lock on daemon addresses registry.
2024-05-07T09:48:01.101+0700 [DEBUG] [org.gradle.cache.internal.DefaultFileLockManager] Lock acquired on daemon addresses registry.
2024-05-07T09:48:01.106+0700 [DEBUG] [org.gradle.cache.internal.DefaultFileLockManager] Releasing lock on daemon addresses registry.
2024-05-07T09:48:03.220+0700 [DEBUG] [org.gradle.process.internal.health.memory.DefaultMemoryManager] 828426649 memory requested, 817569792 free
2024-05-07T09:48:03.220+0700 [DEBUG] [org.gradle.workers.internal.WorkerDaemonExpiration] Will attempt to release 790 of memory
2024-05-07T09:48:03.221+0700 [DEBUG] [org.gradle.process.internal.health.memory.DefaultMemoryManager] 828426649 memory requested, 0 released, 817569792 free
2024-05-07T09:48:04.413+0700 [DEBUG] [org.gradle.internal.remote.internal.inet.TcpIncomingConnector] Accepted connection from /127.0.0.1:57434 to /127.0.0.1:56764.
2024-05-07T09:48:04.502+0700 [DEBUG] [org.gradle.internal.remote.internal.inet.TcpIncomingConnector] Accepted connection from /127.0.0.1:57433 to /127.0.0.1:56764.
2024-05-07T09:48:05.410+0700 [DEBUG] [org.gradle.launcher.daemon.server.SynchronizedDispatchConnection] thread 404: received class org.gradle.launcher.daemon.protocol.StopWhenIdle
2024-05-07T09:48:05.410+0700 [DEBUG] [org.gradle.launcher.daemon.server.SynchronizedDispatchConnection] thread 403: received class org.gradle.launcher.daemon.protocol.StopWhenIdle
2024-05-07T09:48:05.439+0700 [DEBUG] [org.gradle.launcher.daemon.server.DefaultDaemonConnection] thread 403: Received non-IO message from client: StopWhenIdle[id=229a12ae-07ef-48c2-84d1-3453ebee0aa3]
2024-05-07T09:48:05.439+0700 [DEBUG] [org.gradle.launcher.daemon.server.DefaultDaemonConnection] thread 404: Received non-IO message from client: StopWhenIdle[id=b5c0c0d5-a64f-43f6-b5aa-86aa64e17cee]
2024-05-07T09:48:05.456+0700 [INFO] [org.gradle.launcher.daemon.server.DefaultIncomingConnectionHandler] Received command: StopWhenIdle[id=229a12ae-07ef-48c2-84d1-3453ebee0aa3].
2024-05-07T09:48:05.456+0700 [INFO] [org.gradle.launcher.daemon.server.DefaultIncomingConnectionHandler] Received command: StopWhenIdle[id=b5c0c0d5-a64f-43f6-b5aa-86aa64e17cee].
2024-05-07T09:48:05.467+0700 [DEBUG] [org.gradle.launcher.daemon.server.DefaultIncomingConnectionHandler] Starting executing command: StopWhenIdle[id=b5c0c0d5-a64f-43f6-b5aa-86aa64e17cee] with connection: socket connection from /127.0.0.1:56764 to /127.0.0.1:57433.
2024-05-07T09:48:05.472+0700 [DEBUG] [org.gradle.launcher.daemon.server.DefaultIncomingConnectionHandler] Starting executing command: StopWhenIdle[id=229a12ae-07ef-48c2-84d1-3453ebee0aa3] with connection: socket connection from /127.0.0.1:56764 to /127.0.0.1:57434.
2024-05-07T09:48:05.570+0700 [DEBUG] [org.gradle.launcher.daemon.server.DaemonRegistryUpdater] Storing daemon stop event: stop command received
2024-05-07T09:48:06.328+0700 [DEBUG] [org.gradle.launcher.daemon.registry.PersistentDaemonRegistry] Storing daemon stop event with timestamp 1715050085577
2024-05-07T09:48:06.408+0700 [DEBUG] [org.gradle.cache.internal.DefaultFileLockManager] Waiting to acquire exclusive lock on daemon addresses registry.
2024-05-07T09:48:06.437+0700 [DEBUG] [org.gradle.cache.internal.DefaultFileLockManager] Lock acquired on daemon addresses registry.
2024-05-07T09:48:06.503+0700 [DEBUG] [org.gradle.cache.internal.DefaultFileLockManager] Releasing lock on daemon addresses registry.
2024-05-07T09:48:06.505+0700 [LIFECYCLE] [org.gradle.launcher.daemon.server.DaemonStateCoordinator] Daemon will be stopped at the end of the build stop command received
2024-05-07T09:48:06.509+0700 [DEBUG] [org.gradle.launcher.daemon.server.DaemonStateCoordinator] Marking daemon stopped due to stop command received. The daemon is running a build: false
2024-05-07T09:48:06.515+0700 [DEBUG] [org.gradle.launcher.daemon.server.DaemonRegistryUpdater] Storing daemon stop event: stop command received
2024-05-07T09:48:06.518+0700 [DEBUG] [org.gradle.launcher.daemon.server.DaemonStateCoordinator] daemon has stopped.
2024-05-07T09:48:06.521+0700 [DEBUG] [org.gradle.launcher.daemon.registry.PersistentDaemonRegistry] Storing daemon stop event with timestamp 1715050086521
2024-05-07T09:48:06.523+0700 [DEBUG] [org.gradle.launcher.daemon.server.Daemon] stop() called on daemon
2024-05-07T09:48:06.524+0700 [DEBUG] [org.gradle.launcher.daemon.server.SynchronizedDispatchConnection] thread 402: dispatching Success[value=null]
2024-05-07T09:48:06.525+0700 [DEBUG] [org.gradle.cache.internal.DefaultFileLockManager] Waiting to acquire exclusive lock on daemon addresses registry.
2024-05-07T09:48:06.525+0700 [INFO] [org.gradle.launcher.daemon.server.Daemon] Stop requested. Daemon is removing its presence from the registry...
2024-05-07T09:48:06.525+0700 [DEBUG] [org.gradle.cache.internal.DefaultFileLockManager] Lock acquired on daemon addresses registry.
2024-05-07T09:48:06.529+0700 [DEBUG] [org.gradle.launcher.daemon.server.DefaultIncomingConnectionHandler] Finishing executing command: StopWhenIdle[id=b5c0c0d5-a64f-43f6-b5aa-86aa64e17cee]
2024-05-07T09:48:06.530+0700 [DEBUG] [org.gradle.cache.internal.DefaultFileLockManager] Releasing lock on daemon addresses registry.
2024-05-07T09:48:06.530+0700 [DEBUG] [org.gradle.launcher.daemon.server.SynchronizedDispatchConnection] thread 401: dispatching Success[value=null]
2024-05-07T09:48:06.531+0700 [DEBUG] [org.gradle.launcher.daemon.server.DefaultIncomingConnectionHandler] Finishing executing command: StopWhenIdle[id=229a12ae-07ef-48c2-84d1-3453ebee0aa3]
2024-05-07T09:48:06.540+0700 [DEBUG] [org.gradle.launcher.daemon.server.SynchronizedDispatchConnection] thread 404: received class org.gradle.launcher.daemon.protocol.Finished
2024-05-07T09:48:06.540+0700 [DEBUG] [org.gradle.launcher.daemon.server.SynchronizedDispatchConnection] thread 403: received class org.gradle.launcher.daemon.protocol.Finished
2024-05-07T09:48:06.542+0700 [DEBUG] [org.gradle.launcher.daemon.server.DefaultDaemonConnection] thread 404: Received non-IO message from client: org.gradle.launcher.daemon.protocol.Finished@6dca05d2
2024-05-07T09:48:06.542+0700 [DEBUG] [org.gradle.launcher.daemon.server.DefaultDaemonConnection] thread 403: Received non-IO message from client: org.gradle.launcher.daemon.protocol.Finished@546785b2
2024-05-07T09:48:06.542+0700 [DEBUG] [org.gradle.launcher.daemon.server.DefaultIncomingConnectionHandler] Received finished message: org.gradle.launcher.daemon.protocol.Finished@6dca05d2
2024-05-07T09:48:06.542+0700 [DEBUG] [org.gradle.launcher.daemon.server.DefaultIncomingConnectionHandler] Received finished message: org.gradle.launcher.daemon.protocol.Finished@546785b2
2024-05-07T09:48:06.546+0700 [DEBUG] [org.gradle.launcher.daemon.server.SynchronizedDispatchConnection] thread 402: stopping connection
2024-05-07T09:48:06.546+0700 [DEBUG] [org.gradle.launcher.daemon.server.SynchronizedDispatchConnection] thread 401: stopping connection
2024-05-07T09:48:06.576+0700 [DEBUG] [org.gradle.launcher.daemon.server.DaemonRegistryUpdater] Removing our presence to clients, eg. removing this address from the registry: [da3ee370-56ee-47cc-96f5-f5a8035ab0b3 port:56764, addresses:[localhost/127.0.0.1]]
2024-05-07T09:48:06.576+0700 [DEBUG] [org.gradle.internal.remote.internal.inet.SocketConnection] Discarding EOFException: java.io.EOFException
2024-05-07T09:48:06.576+0700 [DEBUG] [org.gradle.launcher.daemon.server.SynchronizedDispatchConnection] thread 404: received null
2024-05-07T09:48:06.577+0700 [DEBUG] [org.gradle.launcher.daemon.server.DefaultDaemonConnection] thread 404: Received end-of-input from client.
2024-05-07T09:48:06.577+0700 [DEBUG] [org.gradle.internal.remote.internal.inet.SocketConnection] Discarding EOFException: java.io.EOFException
2024-05-07T09:48:06.577+0700 [DEBUG] [org.gradle.launcher.daemon.server.SynchronizedDispatchConnection] thread 403: received null
2024-05-07T09:48:06.577+0700 [DEBUG] [org.gradle.launcher.daemon.server.DefaultDaemonConnection] thread 403: Received end-of-input from client.
2024-05-07T09:48:06.598+0700 [DEBUG] [org.gradle.launcher.daemon.registry.PersistentDaemonRegistry] Removing daemon address: [da3ee370-56ee-47cc-96f5-f5a8035ab0b3 port:56764, addresses:[localhost/127.0.0.1]]
2024-05-07T09:48:06.638+0700 [DEBUG] [org.gradle.launcher.daemon.server.SynchronizedDispatchConnection] thread 402: stopping connection
2024-05-07T09:48:06.638+0700 [DEBUG] [org.gradle.launcher.daemon.server.SynchronizedDispatchConnection] thread 401: stopping connection
2024-05-07T09:48:06.700+0700 [DEBUG] [org.gradle.cache.internal.DefaultFileLockManager] Waiting to acquire exclusive lock on daemon addresses registry.
2024-05-07T09:48:06.701+0700 [DEBUG] [org.gradle.cache.internal.DefaultFileLockManager] Lock acquired on daemon addresses registry.
2024-05-07T09:48:06.721+0700 [DEBUG] [org.gradle.cache.internal.DefaultFileLockManager] Releasing lock on daemon addresses registry.
2024-05-07T09:48:06.723+0700 [DEBUG] [org.gradle.launcher.daemon.server.DaemonRegistryUpdater] Address removed from registry.
2024-05-07T09:48:06.902+0700 [DEBUG] [org.gradle.cache.internal.LockOnDemandCrossProcessCacheAccess] Releasing file lock for jars (D:\hitsMobile\caches\jars-9)
2024-05-07T09:48:06.909+0700 [DEBUG] [org.gradle.cache.internal.DefaultFileLockManager] Releasing lock on jars (D:\hitsMobile\caches\jars-9).
2024-05-07T09:48:06.917+0700 [DEBUG] [org.gradle.cache.internal.DefaultPersistentDirectoryStore] jars (D:\hitsMobile\caches\jars-9) has last been fully cleaned up 13 hours ago
2024-05-07T09:48:07.586+0700 [DEBUG] [org.gradle.cache.internal.LockOnDemandCrossProcessCacheAccess] Releasing file lock for file content cache (D:\hitsMobile\caches\7.2\fileContent)
2024-05-07T09:48:07.587+0700 [DEBUG] [org.gradle.cache.internal.DefaultFileLockManager] Releasing lock on file content cache (D:\hitsMobile\caches\7.2\fileContent).
2024-05-07T09:48:07.830+0700 [DEBUG] [org.gradle.internal.watch.registry.impl.DefaultFileWatcherRegistry] Finished listening to file system change events
2024-05-07T09:48:07.851+0700 [DEBUG] [org.gradle.cache.internal.LockOnDemandCrossProcessCacheAccess] Releasing file lock for Artifact transforms cache (D:\hitsMobile\caches\transforms-3)
2024-05-07T09:48:07.852+0700 [DEBUG] [org.gradle.cache.internal.DefaultFileLockManager] Releasing lock on Artifact transforms cache (D:\hitsMobile\caches\transforms-3).
2024-05-07T09:48:07.859+0700 [DEBUG] [org.gradle.cache.internal.DefaultPersistentDirectoryStore] Artifact transforms cache (D:\hitsMobile\caches\transforms-3) has last been fully cleaned up 13 hours ago
2024-05-07T09:48:07.864+0700 [DEBUG] [org.gradle.cache.internal.LockOnDemandCrossProcessCacheAccess] Releasing file lock for artifact cache (D:\hitsMobile\caches\modules-2)
2024-05-07T09:48:07.880+0700 [DEBUG] [org.gradle.cache.internal.btree.BTreePersistentIndexedCache] Closing cache module-metadata.bin (D:\hitsMobile\caches\modules-2\metadata-2.97\module-metadata.bin)
2024-05-07T09:48:07.917+0700 [DEBUG] [org.gradle.cache.internal.btree.BTreePersistentIndexedCache] Closing cache module-artifact.bin (D:\hitsMobile\caches\modules-2\metadata-2.97\module-artifact.bin)
2024-05-07T09:48:07.925+0700 [DEBUG] [org.gradle.cache.internal.btree.BTreePersistentIndexedCache] Closing cache module-artifacts.bin (D:\hitsMobile\caches\modules-2\metadata-2.97\module-artifacts.bin)
2024-05-07T09:48:07.928+0700 [DEBUG] [org.gradle.cache.internal.btree.BTreePersistentIndexedCache] Closing cache resource-at-url.bin (D:\hitsMobile\caches\modules-2\metadata-2.97\resource-at-url.bin)
2024-05-07T09:48:07.931+0700 [DEBUG] [org.gradle.cache.internal.DefaultFileLockManager] Releasing lock on artifact cache (D:\hitsMobile\caches\modules-2).
2024-05-07T09:48:07.935+0700 [DEBUG] [org.gradle.cache.internal.DefaultPersistentDirectoryStore] artifact cache (D:\hitsMobile\caches\modules-2) has last been fully cleaned up 13 hours ago
2024-05-07T09:48:07.953+0700 [DEBUG] [org.gradle.cache.internal.DefaultCacheAccess] Cache Generated Gradle JARs cache (D:\hitsMobile\caches\7.2\generated-gradle-jars) was closed 0 times.
2024-05-07T09:48:07.976+0700 [DEBUG] [org.gradle.cache.internal.LockOnDemandCrossProcessCacheAccess] Releasing file lock for journal cache (D:\hitsMobile\caches\journal-1)
2024-05-07T09:48:07.977+0700 [DEBUG] [org.gradle.cache.internal.btree.BTreePersistentIndexedCache] Closing cache file-access.bin (D:\hitsMobile\caches\journal-1\file-access.bin)
2024-05-07T09:48:08.066+0700 [DEBUG] [org.gradle.cache.internal.DefaultFileLockManager] Releasing lock on journal cache (D:\hitsMobile\caches\journal-1).
2024-05-07T09:48:08.117+0700 [DEBUG] [org.gradle.cache.internal.LockOnDemandCrossProcessCacheAccess] Releasing file lock for file hash cache (D:\hitsMobile\caches\7.2\fileHashes)
2024-05-07T09:48:08.126+0700 [DEBUG] [org.gradle.cache.internal.btree.BTreePersistentIndexedCache] Closing cache fileHashes.bin (D:\hitsMobile\caches\7.2\fileHashes\fileHashes.bin)
2024-05-07T09:48:08.141+0700 [DEBUG] [org.gradle.cache.internal.btree.BTreePersistentIndexedCache] Closing cache resourceHashesCache.bin (D:\hitsMobile\caches\7.2\fileHashes\resourceHashesCache.bin)
2024-05-07T09:48:08.143+0700 [DEBUG] [org.gradle.cache.internal.DefaultFileLockManager] Releasing lock on file hash cache (D:\hitsMobile\caches\7.2\fileHashes).
2024-05-07T09:48:08.164+0700 [DEBUG] [org.gradle.cache.internal.LockOnDemandCrossProcessCacheAccess] Releasing file lock for execution history cache (D:\hitsMobile\caches\7.2\executionHistory)
2024-05-07T09:48:08.175+0700 [DEBUG] [org.gradle.cache.internal.btree.BTreePersistentIndexedCache] Closing cache executionHistory.bin (D:\hitsMobile\caches\7.2\executionHistory\executionHistory.bin)
2024-05-07T09:48:08.183+0700 [DEBUG] [org.gradle.cache.internal.DefaultFileLockManager] Releasing lock on execution history cache (D:\hitsMobile\caches\7.2\executionHistory).
2024-05-07T09:48:08.206+0700 [DEBUG] [org.gradle.cache.internal.LockOnDemandCrossProcessCacheAccess] Releasing file lock for Java compile cache (D:\hitsMobile\caches\7.2\javaCompile)
2024-05-07T09:48:08.208+0700 [DEBUG] [org.gradle.cache.internal.btree.BTreePersistentIndexedCache] Closing cache jarAnalysis.bin (D:\hitsMobile\caches\7.2\javaCompile\jarAnalysis.bin)
2024-05-07T09:48:08.220+0700 [DEBUG] [org.gradle.cache.internal.btree.BTreePersistentIndexedCache] Closing cache classAnalysis.bin (D:\hitsMobile\caches\7.2\javaCompile\classAnalysis.bin)
2024-05-07T09:48:08.224+0700 [DEBUG] [org.gradle.process.internal.health.memory.DefaultMemoryManager] 828426649 memory requested, 279891968 free
2024-05-07T09:48:08.225+0700 [DEBUG] [org.gradle.process.internal.health.memory.DefaultMemoryManager] 828426649 memory requested, 0 released, 279891968 free
2024-05-07T09:48:08.260+0700 [DEBUG] [org.gradle.cache.internal.DefaultFileLockManager] Releasing lock on Java compile cache (D:\hitsMobile\caches\7.2\javaCompile).
2024-05-07T09:48:08.495+0700 [DEBUG] [org.gradle.cache.internal.VersionSpecificCacheCleanupAction] Processed version-specific caches at D:\hitsMobile\caches for cleanup in 0.14 secs
2024-05-07T09:48:09.436+0700 [DEBUG] [org.gradle.launcher.daemon.registry.PersistentDaemonRegistry] Removing daemon address: [da3ee370-56ee-47cc-96f5-f5a8035ab0b3 port:56764, addresses:[localhost/127.0.0.1]]
2024-05-07T09:48:09.439+0700 [DEBUG] [org.gradle.cache.internal.DefaultFileLockManager] Waiting to acquire exclusive lock on daemon addresses registry.
2024-05-07T09:48:09.440+0700 [DEBUG] [org.gradle.cache.internal.DefaultFileLockManager] Lock acquired on daemon addresses registry.
2024-05-07T09:48:09.441+0700 [DEBUG] [org.gradle.cache.internal.DefaultFileLockManager] Releasing lock on daemon addresses registry.
Daemon vm is shutting down... The daemon has exited normally or was terminated in response to a user interrupt.
